This file contains any messages produced by compilers while
running configure, to aid debugging if configure makes a mistake.

It was created by configure, which was
generated by GNU Autoconf 2.64.  Invocation command line was

  $ /home/ubuntu/openwrt-sdk/build_dir/toolchain-mipsel_24kec+dsp_gcc-4.8-linaro_uClibc-0.9.33.2/gcc-linaro-4.8-2014.04/configure --with-bugurl=https://dev.openwrt.org/ --with-pkgversion=OpenWrt/Linaro GCC 4.8-2014.04 unknown --prefix=/home/ubuntu/openwrt-sdk/staging_dir/toolchain-mipsel_24kec+dsp_gcc-4.8-linaro_uClibc-0.9.33.2 --build=x86_64-linux-gnu --host=x86_64-linux-gnu --target=mipsel-openwrt-linux-uclibc --with-gnu-ld --enable-target-optspace --disable-libgomp --disable-libmudflap --disable-multilib --disable-nls --with-host-libstdcxx=-lstdc++ --with-float=soft --with-gmp=/home/ubuntu/openwrt-sdk/staging_dir/host --with-mpfr=/home/ubuntu/openwrt-sdk/staging_dir/host --disable-decimal-float --with-mips-plt --with-mpc=/home/ubuntu/openwrt-sdk/staging_dir/host --disable-libssp --disable-__cxa_atexit --with-headers=/home/ubuntu/openwrt-sdk/staging_dir/toolchain-mipsel_24kec+dsp_gcc-4.8-linaro_uClibc-0.9.33.2/include --enable-languages=c,c++ --enable-shared --enable-threads --with-slibdir=/home/ubuntu/openwrt-sdk/staging_dir/toolchain-mipsel_24kec+dsp_gcc-4.8-linaro_uClibc-0.9.33.2/lib

## --------- ##
## Platform. ##
## --------- ##

hostname = ip-172-31-11-34
uname -m = x86_64
uname -r = 4.4.0-1117-aws
uname -s = Linux
uname -v = #131-Ubuntu SMP Tue Oct 6 20:45:33 UTC 2020

/usr/bin/uname -p = unknown
/bin/uname -X     = unknown

/bin/arch              = unknown
/usr/bin/arch -k       = unknown
/usr/convex/getsysinfo = unknown
/usr/bin/hostinfo      = unknown
/bin/machine           = unknown
/usr/bin/oslevel       = unknown
/bin/universe          = unknown

PATH: /home/ubuntu/openwrt-sdk/staging_dir/toolchain-mipsel_24kec+dsp_gcc-4.8-linaro_uClibc-0.9.33.2/bin
PATH: /home/ubuntu/openwrt-sdk/staging_dir/host/bin
PATH: /home/ubuntu/openwrt-sdk/staging_dir/toolchain-mipsel_24kec+dsp_gcc-4.8-linaro_uClibc-0.9.33.2/bin
PATH: /home/ubuntu/openwrt-sdk/staging_dir/host/bin
PATH: /home/ubuntu/openwrt-sdk/staging_dir/toolchain-mipsel_24kec+dsp_gcc-4.8-linaro_uClibc-0.9.33.2/bin
PATH: /home/ubuntu/openwrt-sdk/staging_dir/host/bin
PATH: /home/ubuntu/bin
PATH: /home/ubuntu/.local/bin
PATH: /usr/local/sbin
PATH: /usr/local/bin
PATH: /usr/sbin
PATH: /usr/bin
PATH: /sbin
PATH: /bin
PATH: /usr/games
PATH: /usr/local/games
PATH: /snap/bin


## ----------- ##
## Core tests. ##
## ----------- ##

configure:2317: checking build system type
configure:2331: result: x86_64-pc-linux-gnu
configure:2378: checking host system type
configure:2391: result: x86_64-pc-linux-gnu
configure:2411: checking target system type
configure:2424: result: mipsel-openwrt-linux-uclibc
configure:2478: checking for a BSD-compatible install
configure:2546: result: /usr/bin/install -c
configure:2557: checking whether ln works
configure:2579: result: yes
configure:2583: checking whether ln -s works
configure:2587: result: yes
configure:2594: checking for a sed that does not truncate output
configure:2658: result: /home/ubuntu/openwrt-sdk/staging_dir/host/bin/sed
configure:2667: checking for gawk
configure:2683: found /usr/bin/gawk
configure:2694: result: gawk
configure:3164: checking for libatomic support
configure:3174: result: yes
configure:3183: checking for libitm support
configure:3189: result: no
configure:3202: checking for libsanitizer support
configure:3208: result: no
configure:3898: checking for x86_64-linux-gnu-gcc
configure:3914: found /usr/bin/x86_64-linux-gnu-gcc
configure:3925: result: x86_64-linux-gnu-gcc
configure:4194: checking for C compiler version
configure:4203: x86_64-linux-gnu-gcc --version >&5
x86_64-linux-gnu-gcc (Ubuntu 5.4.0-6ubuntu1~16.04.12) 5.4.0 20160609
Copyright (C) 2015 Free Software Foundation, Inc.
This is free software; see the source for copying conditions.  There is NO
warranty; not even for MERCHANTABILITY or FITNESS FOR A PARTICULAR PURPOSE.

configure:4214: $? = 0
configure:4203: x86_64-linux-gnu-gcc -v >&5
Using built-in specs.
COLLECT_GCC=x86_64-linux-gnu-gcc
COLLECT_LTO_WRAPPER=/usr/lib/gcc/x86_64-linux-gnu/5/lto-wrapper
Target: x86_64-linux-gnu
Configured with: ../src/configure -v --with-pkgversion='Ubuntu 5.4.0-6ubuntu1~16.04.12' --with-bugurl=file:///usr/share/doc/gcc-5/README.Bugs --enable-languages=c,ada,c++,java,go,d,fortran,objc,obj-c++ --prefix=/usr --program-suffix=-5 --enable-shared --enable-linker-build-id --libexecdir=/usr/lib --without-included-gettext --enable-threads=posix --libdir=/usr/lib --enable-nls --with-sysroot=/ --enable-clocale=gnu --enable-libstdcxx-debug --enable-libstdcxx-time=yes --with-default-libstdcxx-abi=new --enable-gnu-unique-object --disable-vtable-verify --enable-libmpx --enable-plugin --with-system-zlib --disable-browser-plugin --enable-java-awt=gtk --enable-gtk-cairo --with-java-home=/usr/lib/jvm/java-1.5.0-gcj-5-amd64/jre --enable-java-home --with-jvm-root-dir=/usr/lib/jvm/java-1.5.0-gcj-5-amd64 --with-jvm-jar-dir=/usr/lib/jvm-exports/java-1.5.0-gcj-5-amd64 --with-arch-directory=amd64 --with-ecj-jar=/usr/share/java/eclipse-ecj.jar --enable-objc-gc --enable-multiarch --disable-werror --with-arch-32=i686 --with-abi=m64 --with-multilib-list=m32,m64,mx32 --enable-multilib --with-tune=generic --enable-checking=release --build=x86_64-linux-gnu --host=x86_64-linux-gnu --target=x86_64-linux-gnu
Thread model: posix
gcc version 5.4.0 20160609 (Ubuntu 5.4.0-6ubuntu1~16.04.12) 
configure:4214: $? = 0
configure:4203: x86_64-linux-gnu-gcc -V >&5
x86_64-linux-gnu-gcc: error: unrecognized command line option '-V'
x86_64-linux-gnu-gcc: fatal error: no input files
compilation terminated.
configure:4214: $? = 1
configure:4203: x86_64-linux-gnu-gcc -qversion >&5
x86_64-linux-gnu-gcc: error: unrecognized command line option '-qversion'
x86_64-linux-gnu-gcc: fatal error: no input files
compilation terminated.
configure:4214: $? = 1
configure:4234: checking for C compiler default output file name
configure:4256: x86_64-linux-gnu-gcc    conftest.c  >&5
configure:4260: $? = 0
configure:4297: result: a.out
configure:4313: checking whether the C compiler works
configure:4322: ./a.out
configure:4326: $? = 0
configure:4341: result: yes
configure:4348: checking whether we are cross compiling
configure:4350: result: no
configure:4353: checking for suffix of executables
configure:4360: x86_64-linux-gnu-gcc -o conftest    conftest.c  >&5
configure:4364: $? = 0
configure:4386: result: 
configure:4392: checking for suffix of object files
configure:4414: x86_64-linux-gnu-gcc -c   conftest.c >&5
configure:4418: $? = 0
configure:4439: result: o
configure:4443: checking whether we are using the GNU C compiler
configure:4462: x86_64-linux-gnu-gcc -c   conftest.c >&5
configure:4462: $? = 0
configure:4471: result: yes
configure:4480: checking whether x86_64-linux-gnu-gcc accepts -g
configure:4500: x86_64-linux-gnu-gcc -c -g  conftest.c >&5
configure:4500: $? = 0
configure:4541: result: yes
configure:4558: checking for x86_64-linux-gnu-gcc option to accept ISO C89
configure:4622: x86_64-linux-gnu-gcc  -c   conftest.c >&5
configure:4622: $? = 0
configure:4635: result: none needed
configure:4669: checking for x86_64-linux-gnu-g++
configure:4685: found /usr/bin/x86_64-linux-gnu-g++
configure:4696: result: x86_64-linux-gnu-g++
configure:4767: checking for C++ compiler version
configure:4776: x86_64-linux-gnu-g++ --version >&5
x86_64-linux-gnu-g++ (Ubuntu 5.4.0-6ubuntu1~16.04.12) 5.4.0 20160609
Copyright (C) 2015 Free Software Foundation, Inc.
This is free software; see the source for copying conditions.  There is NO
warranty; not even for MERCHANTABILITY or FITNESS FOR A PARTICULAR PURPOSE.

configure:4787: $? = 0
configure:4776: x86_64-linux-gnu-g++ -v >&5
Using built-in specs.
COLLECT_GCC=x86_64-linux-gnu-g++
COLLECT_LTO_WRAPPER=/usr/lib/gcc/x86_64-linux-gnu/5/lto-wrapper
Target: x86_64-linux-gnu
Configured with: ../src/configure -v --with-pkgversion='Ubuntu 5.4.0-6ubuntu1~16.04.12' --with-bugurl=file:///usr/share/doc/gcc-5/README.Bugs --enable-languages=c,ada,c++,java,go,d,fortran,objc,obj-c++ --prefix=/usr --program-suffix=-5 --enable-shared --enable-linker-build-id --libexecdir=/usr/lib --without-included-gettext --enable-threads=posix --libdir=/usr/lib --enable-nls --with-sysroot=/ --enable-clocale=gnu --enable-libstdcxx-debug --enable-libstdcxx-time=yes --with-default-libstdcxx-abi=new --enable-gnu-unique-object --disable-vtable-verify --enable-libmpx --enable-plugin --with-system-zlib --disable-browser-plugin --enable-java-awt=gtk --enable-gtk-cairo --with-java-home=/usr/lib/jvm/java-1.5.0-gcj-5-amd64/jre --enable-java-home --with-jvm-root-dir=/usr/lib/jvm/java-1.5.0-gcj-5-amd64 --with-jvm-jar-dir=/usr/lib/jvm-exports/java-1.5.0-gcj-5-amd64 --with-arch-directory=amd64 --with-ecj-jar=/usr/share/java/eclipse-ecj.jar --enable-objc-gc --enable-multiarch --disable-werror --with-arch-32=i686 --with-abi=m64 --with-multilib-list=m32,m64,mx32 --enable-multilib --with-tune=generic --enable-checking=release --build=x86_64-linux-gnu --host=x86_64-linux-gnu --target=x86_64-linux-gnu
Thread model: posix
gcc version 5.4.0 20160609 (Ubuntu 5.4.0-6ubuntu1~16.04.12) 
configure:4787: $? = 0
configure:4776: x86_64-linux-gnu-g++ -V >&5
x86_64-linux-gnu-g++: error: unrecognized command line option '-V'
x86_64-linux-gnu-g++: fatal error: no input files
compilation terminated.
configure:4787: $? = 1
configure:4776: x86_64-linux-gnu-g++ -qversion >&5
x86_64-linux-gnu-g++: error: unrecognized command line option '-qversion'
x86_64-linux-gnu-g++: fatal error: no input files
compilation terminated.
configure:4787: $? = 1
configure:4791: checking whether we are using the GNU C++ compiler
configure:4810: x86_64-linux-gnu-g++ -c   conftest.cpp >&5
configure:4810: $? = 0
configure:4819: result: yes
configure:4828: checking whether x86_64-linux-gnu-g++ accepts -g
configure:4848: x86_64-linux-gnu-g++ -c -g  conftest.cpp >&5
configure:4848: $? = 0
configure:4889: result: yes
configure:4938: checking whether g++ accepts -static-libstdc++ -static-libgcc
configure:4955: x86_64-linux-gnu-g++ -o conftest -g -O2   -static-libstdc++ -static-libgcc conftest.cpp  >&5
configure:4955: $? = 0
configure:4956: result: yes
configure:4980: checking for x86_64-linux-gnu-gnatbind
configure:5010: result: no
configure:5020: checking for gnatbind
configure:5050: result: no
configure:5072: checking for x86_64-linux-gnu-gnatmake
configure:5102: result: no
configure:5112: checking for gnatmake
configure:5142: result: no
configure:5161: checking whether compiler driver understands Ada
configure:5184: result: no
configure:5193: checking how to compare bootstrapped objects
configure:5218: result: cmp --ignore-initial=16 $$f1 $$f2
configure:5272: checking for objdir
configure:5287: result: .libs
configure:5461: checking for the correct version of gmp.h
configure:5481: x86_64-linux-gnu-gcc -c  -I/home/ubuntu/openwrt-sdk/staging_dir/host/include -I/home/ubuntu/openwrt-sdk/staging_dir/host/include -I/home/ubuntu/openwrt-sdk/staging_dir/host/include   conftest.c >&5
configure:5481: $? = 0
configure:5499: x86_64-linux-gnu-gcc -c  -I/home/ubuntu/openwrt-sdk/staging_dir/host/include -I/home/ubuntu/openwrt-sdk/staging_dir/host/include -I/home/ubuntu/openwrt-sdk/staging_dir/host/include   conftest.c >&5
configure:5499: $? = 0
configure:5500: result: yes
configure:5516: checking for the correct version of mpfr.h
configure:5534: x86_64-linux-gnu-gcc -c  -I/home/ubuntu/openwrt-sdk/staging_dir/host/include -I/home/ubuntu/openwrt-sdk/staging_dir/host/include -I/home/ubuntu/openwrt-sdk/staging_dir/host/include   conftest.c >&5
configure:5534: $? = 0
configure:5551: x86_64-linux-gnu-gcc -c  -I/home/ubuntu/openwrt-sdk/staging_dir/host/include -I/home/ubuntu/openwrt-sdk/staging_dir/host/include -I/home/ubuntu/openwrt-sdk/staging_dir/host/include   conftest.c >&5
configure:5551: $? = 0
configure:5552: result: yes
configure:5569: checking for the correct version of mpc.h
configure:5586: x86_64-linux-gnu-gcc -c  -I/home/ubuntu/openwrt-sdk/staging_dir/host/include -I/home/ubuntu/openwrt-sdk/staging_dir/host/include -I/home/ubuntu/openwrt-sdk/staging_dir/host/include   conftest.c >&5
configure:5586: $? = 0
configure:5602: x86_64-linux-gnu-gcc -c  -I/home/ubuntu/openwrt-sdk/staging_dir/host/include -I/home/ubuntu/openwrt-sdk/staging_dir/host/include -I/home/ubuntu/openwrt-sdk/staging_dir/host/include   conftest.c >&5
configure:5602: $? = 0
configure:5603: result: yes
configure:5621: checking for the correct version of the gmp/mpfr/mpc libraries
configure:5652: x86_64-linux-gnu-gcc -o conftest  -I/home/ubuntu/openwrt-sdk/staging_dir/host/include -I/home/ubuntu/openwrt-sdk/staging_dir/host/include -I/home/ubuntu/openwrt-sdk/staging_dir/host/include    conftest.c  -L/home/ubuntu/openwrt-sdk/staging_dir/host/lib -L/home/ubuntu/openwrt-sdk/staging_dir/host/lib -L/home/ubuntu/openwrt-sdk/staging_dir/host/lib -lmpc -lmpfr -lgmp >&5
configure:5652: $? = 0
configure:5653: result: yes
configure:5859: checking for version 0.10 of ISL
configure:5878: x86_64-linux-gnu-gcc -o conftest   -I/home/ubuntu/openwrt-sdk/staging_dir/host/include -I/home/ubuntu/openwrt-sdk/staging_dir/host/include -I/home/ubuntu/openwrt-sdk/staging_dir/host/include     conftest.c  -lisl >&5
conftest.c:10:25: fatal error: isl/version.h: No such file or directory
compilation terminated.
configure:5878: $? = 1
configure: program exited with status 1
configure: failed program was:
| /* confdefs.h */
| #define PACKAGE_NAME ""
| #define PACKAGE_TARNAME ""
| #define PACKAGE_VERSION ""
| #define PACKAGE_STRING ""
| #define PACKAGE_BUGREPORT ""
| #define PACKAGE_URL ""
| #define LT_OBJDIR ".libs/"
| /* end confdefs.h.  */
| #include <isl/version.h>
|    #include <string.h>
| int
| main ()
| {
| if (strncmp (isl_version (), "isl-0.10", strlen ("isl-0.10")) != 0)
|      return 1;
| 
|   ;
|   return 0;
| }
configure:5887: result: no
configure:5907: checking for version 0.11 of ISL
configure:5926: x86_64-linux-gnu-gcc -o conftest   -I/home/ubuntu/openwrt-sdk/staging_dir/host/include -I/home/ubuntu/openwrt-sdk/staging_dir/host/include -I/home/ubuntu/openwrt-sdk/staging_dir/host/include     conftest.c  -lisl >&5
conftest.c:10:25: fatal error: isl/version.h: No such file or directory
compilation terminated.
configure:5926: $? = 1
configure: program exited with status 1
configure: failed program was:
| /* confdefs.h */
| #define PACKAGE_NAME ""
| #define PACKAGE_TARNAME ""
| #define PACKAGE_VERSION ""
| #define PACKAGE_STRING ""
| #define PACKAGE_BUGREPORT ""
| #define PACKAGE_URL ""
| #define LT_OBJDIR ".libs/"
| /* end confdefs.h.  */
| #include <isl/version.h>
|    #include <string.h>
| int
| main ()
| {
| if (strncmp (isl_version (), "isl-0.11", strlen ("isl-0.11")) != 0)
|      return 1;
| 
|   ;
|   return 0;
| }
configure:5935: result: no
configure:5955: checking for version 0.12 of ISL
configure:5974: x86_64-linux-gnu-gcc -o conftest   -I/home/ubuntu/openwrt-sdk/staging_dir/host/include -I/home/ubuntu/openwrt-sdk/staging_dir/host/include -I/home/ubuntu/openwrt-sdk/staging_dir/host/include     conftest.c  -lisl >&5
conftest.c:10:25: fatal error: isl/version.h: No such file or directory
compilation terminated.
configure:5974: $? = 1
configure: program exited with status 1
configure: failed program was:
| /* confdefs.h */
| #define PACKAGE_NAME ""
| #define PACKAGE_TARNAME ""
| #define PACKAGE_VERSION ""
| #define PACKAGE_STRING ""
| #define PACKAGE_BUGREPORT ""
| #define PACKAGE_URL ""
| #define LT_OBJDIR ".libs/"
| /* end confdefs.h.  */
| #include <isl/version.h>
|    #include <string.h>
| int
| main ()
| {
| if (strncmp (isl_version (), "isl-0.12", strlen ("isl-0.12")) != 0)
|      return 1;
| 
|   ;
|   return 0;
| }
configure:5983: result: no
configure:7141: checking for default BUILD_CONFIG
configure:7173: result: 
configure:7662: checking for bison
configure:7678: found /home/ubuntu/openwrt-sdk/staging_dir/host/bin/bison
configure:7689: result: bison -y
configure:7709: checking for bison
configure:7725: found /home/ubuntu/openwrt-sdk/staging_dir/host/bin/bison
configure:7736: result: bison
configure:7756: checking for gm4
configure:7783: result: /home/ubuntu/openwrt-sdk/staging_dir/host/bin/m4
configure:7803: checking for flex
configure:7819: found /home/ubuntu/openwrt-sdk/staging_dir/host/bin/flex
configure:7830: result: flex
configure:7851: checking for flex
configure:7867: found /home/ubuntu/openwrt-sdk/staging_dir/host/bin/flex
configure:7878: result: flex
configure:7898: checking for makeinfo
configure:7928: result: no
configure:7959: checking for expect
configure:7989: result: no
configure:8008: checking for runtest
configure:8038: result: no
configure:8114: checking for x86_64-linux-gnu-ar
configure:8130: found /usr/bin/x86_64-linux-gnu-ar
configure:8141: result: x86_64-linux-gnu-ar
configure:8255: checking for x86_64-linux-gnu-as
configure:8271: found /usr/bin/x86_64-linux-gnu-as
configure:8282: result: x86_64-linux-gnu-as
configure:8396: checking for x86_64-linux-gnu-dlltool
configure:8426: result: no
configure:8435: checking for dlltool
configure:8465: result: no
configure:8537: checking for x86_64-linux-gnu-ld
configure:8553: found /usr/bin/x86_64-linux-gnu-ld
configure:8564: result: x86_64-linux-gnu-ld
configure:8678: checking for x86_64-linux-gnu-lipo
configure:8708: result: no
configure:8717: checking for lipo
configure:8747: result: no
configure:8819: checking for x86_64-linux-gnu-nm
configure:8835: found /usr/bin/x86_64-linux-gnu-nm
configure:8846: result: x86_64-linux-gnu-nm
configure:8960: checking for x86_64-linux-gnu-ranlib
configure:8976: found /usr/bin/x86_64-linux-gnu-ranlib
configure:8987: result: x86_64-linux-gnu-ranlib
configure:9096: checking for x86_64-linux-gnu-strip
configure:9112: found /usr/bin/x86_64-linux-gnu-strip
configure:9123: result: x86_64-linux-gnu-strip
configure:9232: checking for x86_64-linux-gnu-windres
configure:9262: result: no
configure:9271: checking for windres
configure:9301: result: no
configure:9373: checking for x86_64-linux-gnu-windmc
configure:9403: result: no
configure:9412: checking for windmc
configure:9442: result: no
configure:9514: checking for x86_64-linux-gnu-objcopy
configure:9530: found /usr/bin/x86_64-linux-gnu-objcopy
configure:9541: result: x86_64-linux-gnu-objcopy
configure:9655: checking for x86_64-linux-gnu-objdump
configure:9671: found /usr/bin/x86_64-linux-gnu-objdump
configure:9682: result: x86_64-linux-gnu-objdump
configure:9796: checking for x86_64-linux-gnu-readelf
configure:9812: found /usr/bin/x86_64-linux-gnu-readelf
configure:9823: result: x86_64-linux-gnu-readelf
configure:9976: checking for mipsel-openwrt-linux-uclibc-cc
configure:10006: result: no
configure:9976: checking for mipsel-openwrt-linux-uclibc-gcc
configure:9992: found /home/ubuntu/openwrt-sdk/staging_dir/toolchain-mipsel_24kec+dsp_gcc-4.8-linaro_uClibc-0.9.33.2/bin/mipsel-openwrt-linux-uclibc-gcc
configure:10003: result: mipsel-openwrt-linux-uclibc-gcc
configure:10137: checking for mipsel-openwrt-linux-uclibc-c++
configure:10167: result: no
configure:10137: checking for mipsel-openwrt-linux-uclibc-g++
configure:10167: result: no
configure:10137: checking for mipsel-openwrt-linux-uclibc-cxx
configure:10167: result: no
configure:10137: checking for mipsel-openwrt-linux-uclibc-gxx
configure:10167: result: no
configure:10298: checking for mipsel-openwrt-linux-uclibc-gcc
configure:10314: found /home/ubuntu/openwrt-sdk/staging_dir/toolchain-mipsel_24kec+dsp_gcc-4.8-linaro_uClibc-0.9.33.2/bin/mipsel-openwrt-linux-uclibc-gcc
configure:10325: result: mipsel-openwrt-linux-uclibc-gcc
configure:10454: checking for mipsel-openwrt-linux-uclibc-gcj
configure:10484: result: no
configure:10615: checking for mipsel-openwrt-linux-uclibc-gfortran
configure:10645: result: no
configure:10776: checking for mipsel-openwrt-linux-uclibc-gccgo
configure:10806: result: no
configure:10906: checking for ar
configure:10924: found /home/ubuntu/openwrt-sdk/staging_dir/toolchain-mipsel_24kec+dsp_gcc-4.8-linaro_uClibc-0.9.33.2/mipsel-openwrt-linux-uclibc/bin/ar
configure:10936: result: /home/ubuntu/openwrt-sdk/staging_dir/toolchain-mipsel_24kec+dsp_gcc-4.8-linaro_uClibc-0.9.33.2/mipsel-openwrt-linux-uclibc/bin/ar
configure:11136: checking for as
configure:11154: found /home/ubuntu/openwrt-sdk/staging_dir/toolchain-mipsel_24kec+dsp_gcc-4.8-linaro_uClibc-0.9.33.2/mipsel-openwrt-linux-uclibc/bin/as
configure:11166: result: /home/ubuntu/openwrt-sdk/staging_dir/toolchain-mipsel_24kec+dsp_gcc-4.8-linaro_uClibc-0.9.33.2/mipsel-openwrt-linux-uclibc/bin/as
configure:11366: checking for dlltool
configure:11399: result: no
configure:11477: checking for mipsel-openwrt-linux-uclibc-dlltool
configure:11507: result: no
configure:11596: checking for ld
configure:11614: found /home/ubuntu/openwrt-sdk/staging_dir/toolchain-mipsel_24kec+dsp_gcc-4.8-linaro_uClibc-0.9.33.2/mipsel-openwrt-linux-uclibc/bin/ld
configure:11626: result: /home/ubuntu/openwrt-sdk/staging_dir/toolchain-mipsel_24kec+dsp_gcc-4.8-linaro_uClibc-0.9.33.2/mipsel-openwrt-linux-uclibc/bin/ld
configure:11826: checking for lipo
configure:11859: result: no
configure:11937: checking for mipsel-openwrt-linux-uclibc-lipo
configure:11967: result: no
configure:12056: checking for nm
configure:12074: found /home/ubuntu/openwrt-sdk/staging_dir/toolchain-mipsel_24kec+dsp_gcc-4.8-linaro_uClibc-0.9.33.2/mipsel-openwrt-linux-uclibc/bin/nm
configure:12086: result: /home/ubuntu/openwrt-sdk/staging_dir/toolchain-mipsel_24kec+dsp_gcc-4.8-linaro_uClibc-0.9.33.2/mipsel-openwrt-linux-uclibc/bin/nm
configure:12286: checking for objdump
configure:12304: found /home/ubuntu/openwrt-sdk/staging_dir/toolchain-mipsel_24kec+dsp_gcc-4.8-linaro_uClibc-0.9.33.2/mipsel-openwrt-linux-uclibc/bin/objdump
configure:12316: result: /home/ubuntu/openwrt-sdk/staging_dir/toolchain-mipsel_24kec+dsp_gcc-4.8-linaro_uClibc-0.9.33.2/mipsel-openwrt-linux-uclibc/bin/objdump
configure:12516: checking for ranlib
configure:12534: found /home/ubuntu/openwrt-sdk/staging_dir/toolchain-mipsel_24kec+dsp_gcc-4.8-linaro_uClibc-0.9.33.2/mipsel-openwrt-linux-uclibc/bin/ranlib
configure:12546: result: /home/ubuntu/openwrt-sdk/staging_dir/toolchain-mipsel_24kec+dsp_gcc-4.8-linaro_uClibc-0.9.33.2/mipsel-openwrt-linux-uclibc/bin/ranlib
configure:12746: checking for readelf
configure:12779: result: no
configure:12857: checking for mipsel-openwrt-linux-uclibc-readelf
configure:12873: found /home/ubuntu/openwrt-sdk/staging_dir/toolchain-mipsel_24kec+dsp_gcc-4.8-linaro_uClibc-0.9.33.2/bin/mipsel-openwrt-linux-uclibc-readelf
configure:12884: result: mipsel-openwrt-linux-uclibc-readelf
configure:12976: checking for strip
configure:12994: found /home/ubuntu/openwrt-sdk/staging_dir/toolchain-mipsel_24kec+dsp_gcc-4.8-linaro_uClibc-0.9.33.2/mipsel-openwrt-linux-uclibc/bin/strip
configure:13006: result: /home/ubuntu/openwrt-sdk/staging_dir/toolchain-mipsel_24kec+dsp_gcc-4.8-linaro_uClibc-0.9.33.2/mipsel-openwrt-linux-uclibc/bin/strip
configure:13206: checking for windres
configure:13239: result: no
configure:13317: checking for mipsel-openwrt-linux-uclibc-windres
configure:13347: result: no
configure:13436: checking for windmc
configure:13469: result: no
configure:13547: checking for mipsel-openwrt-linux-uclibc-windmc
configure:13577: result: no
configure:13644: checking where to find the target ar
configure:13672: result: pre-installed in /home/ubuntu/openwrt-sdk/staging_dir/toolchain-mipsel_24kec+dsp_gcc-4.8-linaro_uClibc-0.9.33.2/mipsel-openwrt-linux-uclibc/bin
configure:13686: checking where to find the target as
configure:13714: result: pre-installed in /home/ubuntu/openwrt-sdk/staging_dir/toolchain-mipsel_24kec+dsp_gcc-4.8-linaro_uClibc-0.9.33.2/mipsel-openwrt-linux-uclibc/bin
configure:13728: checking where to find the target cc
configure:13751: result: just compiled
configure:13770: checking where to find the target c++
configure:13796: result: just compiled
configure:13815: checking where to find the target c++ for libstdc++
configure:13841: result: just compiled
configure:13860: checking where to find the target dlltool
configure:13897: result: pre-installed
configure:13902: checking where to find the target gcc
configure:13925: result: just compiled
configure:13944: checking where to find the target gcj
configure:13984: result: pre-installed
configure:13989: checking where to find the target gfortran
configure:14029: result: pre-installed
configure:14034: checking where to find the target gccgo
configure:14074: result: pre-installed
configure:14079: checking where to find the target ld
configure:14107: result: pre-installed in /home/ubuntu/openwrt-sdk/staging_dir/toolchain-mipsel_24kec+dsp_gcc-4.8-linaro_uClibc-0.9.33.2/mipsel-openwrt-linux-uclibc/bin
configure:14121: checking where to find the target lipo
configure:14147: result: pre-installed
configure:14152: checking where to find the target nm
configure:14180: result: pre-installed in /home/ubuntu/openwrt-sdk/staging_dir/toolchain-mipsel_24kec+dsp_gcc-4.8-linaro_uClibc-0.9.33.2/mipsel-openwrt-linux-uclibc/bin
configure:14194: checking where to find the target objdump
configure:14222: result: pre-installed in /home/ubuntu/openwrt-sdk/staging_dir/toolchain-mipsel_24kec+dsp_gcc-4.8-linaro_uClibc-0.9.33.2/mipsel-openwrt-linux-uclibc/bin
configure:14236: checking where to find the target ranlib
configure:14264: result: pre-installed in /home/ubuntu/openwrt-sdk/staging_dir/toolchain-mipsel_24kec+dsp_gcc-4.8-linaro_uClibc-0.9.33.2/mipsel-openwrt-linux-uclibc/bin
configure:14278: checking where to find the target readelf
configure:14315: result: pre-installed
configure:14320: checking where to find the target strip
configure:14348: result: pre-installed in /home/ubuntu/openwrt-sdk/staging_dir/toolchain-mipsel_24kec+dsp_gcc-4.8-linaro_uClibc-0.9.33.2/mipsel-openwrt-linux-uclibc/bin
configure:14362: checking where to find the target windres
configure:14399: result: pre-installed
configure:14404: checking where to find the target windmc
configure:14441: result: pre-installed
configure:14474: checking whether to enable maintainer-specific portions of Makefiles
configure:14483: result: no
configure:14694: creating ./config.status

## ---------------------- ##
## Running config.status. ##
## ---------------------- ##

This file was extended by config.status, which was
generated by GNU Autoconf 2.64.  Invocation command line was

  CONFIG_FILES    = 
  CONFIG_HEADERS  = 
  CONFIG_LINKS    = 
  CONFIG_COMMANDS = 
  $ ./config.status 

on ip-172-31-11-34

config.status:985: creating Makefile

## ---------------- ##
## Cache variables. ##
## ---------------- ##

ac_cv_build=x86_64-pc-linux-gnu
ac_cv_c_compiler_gnu=yes
ac_cv_cxx_compiler_gnu=yes
ac_cv_env_AR_FOR_TARGET_set=
ac_cv_env_AR_FOR_TARGET_value=
ac_cv_env_AR_set=
ac_cv_env_AR_value=
ac_cv_env_AS_FOR_TARGET_set=
ac_cv_env_AS_FOR_TARGET_value=
ac_cv_env_AS_set=
ac_cv_env_AS_value=
ac_cv_env_CCC_set=
ac_cv_env_CCC_value=
ac_cv_env_CC_FOR_TARGET_set=
ac_cv_env_CC_FOR_TARGET_value=
ac_cv_env_CC_set=
ac_cv_env_CC_value=
ac_cv_env_CFLAGS_set=set
ac_cv_env_CFLAGS_value=
ac_cv_env_CPPFLAGS_set=
ac_cv_env_CPPFLAGS_value=
ac_cv_env_CXXFLAGS_set=
ac_cv_env_CXXFLAGS_value=
ac_cv_env_CXX_FOR_TARGET_set=
ac_cv_env_CXX_FOR_TARGET_value=
ac_cv_env_CXX_set=
ac_cv_env_CXX_value=
ac_cv_env_DLLTOOL_FOR_TARGET_set=
ac_cv_env_DLLTOOL_FOR_TARGET_value=
ac_cv_env_DLLTOOL_set=
ac_cv_env_DLLTOOL_value=
ac_cv_env_GCC_FOR_TARGET_set=
ac_cv_env_GCC_FOR_TARGET_value=
ac_cv_env_GCJ_FOR_TARGET_set=
ac_cv_env_GCJ_FOR_TARGET_value=
ac_cv_env_GFORTRAN_FOR_TARGET_set=
ac_cv_env_GFORTRAN_FOR_TARGET_value=
ac_cv_env_GOC_FOR_TARGET_set=
ac_cv_env_GOC_FOR_TARGET_value=
ac_cv_env_LDFLAGS_set=
ac_cv_env_LDFLAGS_value=
ac_cv_env_LD_FOR_TARGET_set=
ac_cv_env_LD_FOR_TARGET_value=
ac_cv_env_LD_set=
ac_cv_env_LD_value=
ac_cv_env_LIBS_set=
ac_cv_env_LIBS_value=
ac_cv_env_LIPO_FOR_TARGET_set=
ac_cv_env_LIPO_FOR_TARGET_value=
ac_cv_env_LIPO_set=
ac_cv_env_LIPO_value=
ac_cv_env_NM_FOR_TARGET_set=
ac_cv_env_NM_FOR_TARGET_value=
ac_cv_env_NM_set=
ac_cv_env_NM_value=
ac_cv_env_OBJCOPY_set=
ac_cv_env_OBJCOPY_value=
ac_cv_env_OBJDUMP_FOR_TARGET_set=
ac_cv_env_OBJDUMP_FOR_TARGET_value=
ac_cv_env_OBJDUMP_set=
ac_cv_env_OBJDUMP_value=
ac_cv_env_RANLIB_FOR_TARGET_set=
ac_cv_env_RANLIB_FOR_TARGET_value=
ac_cv_env_RANLIB_set=
ac_cv_env_RANLIB_value=
ac_cv_env_READELF_FOR_TARGET_set=
ac_cv_env_READELF_FOR_TARGET_value=
ac_cv_env_READELF_set=
ac_cv_env_READELF_value=
ac_cv_env_STRIP_FOR_TARGET_set=
ac_cv_env_STRIP_FOR_TARGET_value=
ac_cv_env_STRIP_set=
ac_cv_env_STRIP_value=
ac_cv_env_WINDMC_FOR_TARGET_set=
ac_cv_env_WINDMC_FOR_TARGET_value=
ac_cv_env_WINDMC_set=
ac_cv_env_WINDMC_value=
ac_cv_env_WINDRES_FOR_TARGET_set=
ac_cv_env_WINDRES_FOR_TARGET_value=
ac_cv_env_WINDRES_set=
ac_cv_env_WINDRES_value=
ac_cv_env_build_alias_set=set
ac_cv_env_build_alias_value=x86_64-linux-gnu
ac_cv_env_build_configargs_set=
ac_cv_env_build_configargs_value=
ac_cv_env_host_alias_set=set
ac_cv_env_host_alias_value=x86_64-linux-gnu
ac_cv_env_host_configargs_set=
ac_cv_env_host_configargs_value=
ac_cv_env_target_alias_set=set
ac_cv_env_target_alias_value=mipsel-openwrt-linux-uclibc
ac_cv_env_target_configargs_set=
ac_cv_env_target_configargs_value=
ac_cv_host=x86_64-pc-linux-gnu
ac_cv_objext=o
ac_cv_path_AR_FOR_TARGET=/home/ubuntu/openwrt-sdk/staging_dir/toolchain-mipsel_24kec+dsp_gcc-4.8-linaro_uClibc-0.9.33.2/mipsel-openwrt-linux-uclibc/bin/ar
ac_cv_path_AS_FOR_TARGET=/home/ubuntu/openwrt-sdk/staging_dir/toolchain-mipsel_24kec+dsp_gcc-4.8-linaro_uClibc-0.9.33.2/mipsel-openwrt-linux-uclibc/bin/as
ac_cv_path_LD_FOR_TARGET=/home/ubuntu/openwrt-sdk/staging_dir/toolchain-mipsel_24kec+dsp_gcc-4.8-linaro_uClibc-0.9.33.2/mipsel-openwrt-linux-uclibc/bin/ld
ac_cv_path_NM_FOR_TARGET=/home/ubuntu/openwrt-sdk/staging_dir/toolchain-mipsel_24kec+dsp_gcc-4.8-linaro_uClibc-0.9.33.2/mipsel-openwrt-linux-uclibc/bin/nm
ac_cv_path_OBJDUMP_FOR_TARGET=/home/ubuntu/openwrt-sdk/staging_dir/toolchain-mipsel_24kec+dsp_gcc-4.8-linaro_uClibc-0.9.33.2/mipsel-openwrt-linux-uclibc/bin/objdump
ac_cv_path_RANLIB_FOR_TARGET=/home/ubuntu/openwrt-sdk/staging_dir/toolchain-mipsel_24kec+dsp_gcc-4.8-linaro_uClibc-0.9.33.2/mipsel-openwrt-linux-uclibc/bin/ranlib
ac_cv_path_SED=/home/ubuntu/openwrt-sdk/staging_dir/host/bin/sed
ac_cv_path_STRIP_FOR_TARGET=/home/ubuntu/openwrt-sdk/staging_dir/toolchain-mipsel_24kec+dsp_gcc-4.8-linaro_uClibc-0.9.33.2/mipsel-openwrt-linux-uclibc/bin/strip
ac_cv_path_install='/usr/bin/install -c'
ac_cv_prog_AR=x86_64-linux-gnu-ar
ac_cv_prog_AS=x86_64-linux-gnu-as
ac_cv_prog_AWK=gawk
ac_cv_prog_BISON=bison
ac_cv_prog_CC=x86_64-linux-gnu-gcc
ac_cv_prog_CC_FOR_TARGET=mipsel-openwrt-linux-uclibc-gcc
ac_cv_prog_CXX=x86_64-linux-gnu-g++
ac_cv_prog_FLEX=flex
ac_cv_prog_GCC_FOR_TARGET=mipsel-openwrt-linux-uclibc-gcc
ac_cv_prog_LD=x86_64-linux-gnu-ld
ac_cv_prog_LEX=flex
ac_cv_prog_M4=/home/ubuntu/openwrt-sdk/staging_dir/host/bin/m4
ac_cv_prog_NM=x86_64-linux-gnu-nm
ac_cv_prog_OBJCOPY=x86_64-linux-gnu-objcopy
ac_cv_prog_OBJDUMP=x86_64-linux-gnu-objdump
ac_cv_prog_RANLIB=x86_64-linux-gnu-ranlib
ac_cv_prog_READELF=x86_64-linux-gnu-readelf
ac_cv_prog_READELF_FOR_TARGET=mipsel-openwrt-linux-uclibc-readelf
ac_cv_prog_STRIP=x86_64-linux-gnu-strip
ac_cv_prog_YACC='bison -y'
ac_cv_prog_cc_c89=
ac_cv_prog_cc_g=yes
ac_cv_prog_cxx_g=yes
ac_cv_target=mipsel-openwrt-linux-uclibc
acx_cv_cc_gcc_supports_ada=no
acx_cv_prog_LN=ln
gcc_cv_isl=no
gcc_cv_prog_cmp_skip='cmp --ignore-initial=16 $$f1 $$f2'
gcc_cv_tool_dirs=/home/ubuntu/openwrt-sdk/staging_dir/toolchain-mipsel_24kec+dsp_gcc-4.8-linaro_uClibc-0.9.33.2/libexec/gcc/mipsel-openwrt-linux-uclibc/4.8.3:/home/ubuntu/openwrt-sdk/staging_dir/toolchain-mipsel_24kec+dsp_gcc-4.8-linaro_uClibc-0.9.33.2/libexec/gcc/mipsel-openwrt-linux-uclibc:/usr/lib/gcc/mipsel-openwrt-linux-uclibc/4.8.3:/usr/lib/gcc/mipsel-openwrt-linux-uclibc:/home/ubuntu/openwrt-sdk/staging_dir/toolchain-mipsel_24kec+dsp_gcc-4.8-linaro_uClibc-0.9.33.2/mipsel-openwrt-linux-uclibc/bin/mipsel-openwrt-linux-uclibc/4.8.3:/home/ubuntu/openwrt-sdk/staging_dir/toolchain-mipsel_24kec+dsp_gcc-4.8-linaro_uClibc-0.9.33.2/mipsel-openwrt-linux-uclibc/bin:
gcc_cv_tool_prefix=/home/ubuntu/openwrt-sdk/staging_dir/toolchain-mipsel_24kec+dsp_gcc-4.8-linaro_uClibc-0.9.33.2
glibcxx_cv_c99_math_tr1=no
libgcc_cv_fixed_point=no
lt_cv_objdir=.libs

## ----------------- ##
## Output variables. ##
## ----------------- ##

AR='x86_64-linux-gnu-ar'
AR_FOR_BUILD='$(AR)'
AR_FOR_TARGET='/home/ubuntu/openwrt-sdk/staging_dir/toolchain-mipsel_24kec+dsp_gcc-4.8-linaro_uClibc-0.9.33.2/mipsel-openwrt-linux-uclibc/bin/ar'
AS='x86_64-linux-gnu-as'
AS_FOR_BUILD='$(AS)'
AS_FOR_TARGET='/home/ubuntu/openwrt-sdk/staging_dir/toolchain-mipsel_24kec+dsp_gcc-4.8-linaro_uClibc-0.9.33.2/mipsel-openwrt-linux-uclibc/bin/as'
AWK='gawk'
BISON='bison'
BUILD_CONFIG=''
CC='x86_64-linux-gnu-gcc'
CC_FOR_BUILD='$(CC)'
CC_FOR_TARGET='$$r/$(HOST_SUBDIR)/gcc/xgcc -B$$r/$(HOST_SUBDIR)/gcc/'
CFLAGS=''
CFLAGS_FOR_BUILD=''
CFLAGS_FOR_TARGET='-g -O2 '
COMPILER_AS_FOR_TARGET='$$r/$(HOST_SUBDIR)/gcc/as'
COMPILER_LD_FOR_TARGET='$$r/$(HOST_SUBDIR)/gcc/collect-ld'
COMPILER_NM_FOR_TARGET='$$r/$(HOST_SUBDIR)/gcc/nm'
CONFIGURE_GDB_TK=''
CPPFLAGS=''
CXX='x86_64-linux-gnu-g++'
CXXFLAGS='-g -O2'
CXXFLAGS_FOR_BUILD='-g -O2'
CXXFLAGS_FOR_TARGET='-g -O2'
CXX_FOR_BUILD='$(CXX)'
CXX_FOR_TARGET='$$r/$(HOST_SUBDIR)/gcc/xg++ -B$$r/$(HOST_SUBDIR)/gcc/ -nostdinc++ `if test -f $$r/$(TARGET_SUBDIR)/libstdc++-v3/scripts/testsuite_flags; then $(SHELL) $$r/$(TARGET_SUBDIR)/libstdc++-v3/scripts/testsuite_flags --build-includes; else echo -funconfigured-libstdc++-v3 ; fi` -L$$r/$(TARGET_SUBDIR)/libstdc++-v3/src -L$$r/$(TARGET_SUBDIR)/libstdc++-v3/src/.libs'
DEBUG_PREFIX_CFLAGS_FOR_TARGET=''
DEFS='-DPACKAGE_NAME=\"\" -DPACKAGE_TARNAME=\"\" -DPACKAGE_VERSION=\"\" -DPACKAGE_STRING=\"\" -DPACKAGE_BUGREPORT=\"\" -DPACKAGE_URL=\"\" -DLT_OBJDIR=\".libs/\"'
DLLTOOL='dlltool'
DLLTOOL_FOR_BUILD='$(DLLTOOL)'
DLLTOOL_FOR_TARGET='mipsel-openwrt-linux-uclibc-dlltool'
ECHO_C=''
ECHO_N='-n'
ECHO_T=''
EXEEXT=''
EXPECT='expect'
EXTRA_CONFIGARGS_LIBJAVA='--disable-static'
FLAGS_FOR_TARGET=' -B$(build_tooldir)/bin/ -B$(build_tooldir)/lib/ -isystem $(build_tooldir)/include -isystem $(build_tooldir)/sys-include'
FLEX='flex'
GCC_FOR_TARGET='$$r/$(HOST_SUBDIR)/gcc/xgcc -B$$r/$(HOST_SUBDIR)/gcc/'
GCC_SHLIB_SUBDIR=''
GCJ_FOR_BUILD='$(GCJ)'
GCJ_FOR_TARGET='mipsel-openwrt-linux-uclibc-gcj'
GDB_TK=''
GFORTRAN_FOR_BUILD='$(GFORTRAN)'
GFORTRAN_FOR_TARGET='mipsel-openwrt-linux-uclibc-gfortran'
GNATBIND='no'
GNATMAKE='no'
GOC_FOR_BUILD='$(GOC)'
GOC_FOR_TARGET='mipsel-openwrt-linux-uclibc-gccgo'
INSTALL_DATA='${INSTALL} -m 644'
INSTALL_GDB_TK=''
INSTALL_PROGRAM='${INSTALL}'
INSTALL_SCRIPT='${INSTALL}'
LD='x86_64-linux-gnu-ld'
LDFLAGS=''
LDFLAGS_FOR_BUILD=''
LDFLAGS_FOR_TARGET=''
LD_FOR_BUILD='$(LD)'
LD_FOR_TARGET='/home/ubuntu/openwrt-sdk/staging_dir/toolchain-mipsel_24kec+dsp_gcc-4.8-linaro_uClibc-0.9.33.2/mipsel-openwrt-linux-uclibc/bin/ld'
LEX='flex'
LIBOBJS=''
LIBS=''
LIPO='lipo'
LIPO_FOR_TARGET='mipsel-openwrt-linux-uclibc-lipo'
LN='ln'
LN_S='ln -s'
LTLIBOBJS=''
M4='/home/ubuntu/openwrt-sdk/staging_dir/host/bin/m4'
MAINT='#'
MAINTAINER_MODE_FALSE=''
MAINTAINER_MODE_TRUE='#'
MAKEINFO='/home/ubuntu/openwrt-sdk/build_dir/toolchain-mipsel_24kec+dsp_gcc-4.8-linaro_uClibc-0.9.33.2/gcc-linaro-4.8-2014.04/missing makeinfo'
NM='x86_64-linux-gnu-nm'
NM_FOR_BUILD='$(NM)'
NM_FOR_TARGET='/home/ubuntu/openwrt-sdk/staging_dir/toolchain-mipsel_24kec+dsp_gcc-4.8-linaro_uClibc-0.9.33.2/mipsel-openwrt-linux-uclibc/bin/nm'
OBJCOPY='x86_64-linux-gnu-objcopy'
OBJDUMP='x86_64-linux-gnu-objdump'
OBJDUMP_FOR_TARGET='/home/ubuntu/openwrt-sdk/staging_dir/toolchain-mipsel_24kec+dsp_gcc-4.8-linaro_uClibc-0.9.33.2/mipsel-openwrt-linux-uclibc/bin/objdump'
OBJEXT='o'
PACKAGE_BUGREPORT=''
PACKAGE_NAME=''
PACKAGE_STRING=''
PACKAGE_TARNAME=''
PACKAGE_URL=''
PACKAGE_VERSION=''
PATH_SEPARATOR=':'
RANLIB='x86_64-linux-gnu-ranlib'
RANLIB_FOR_BUILD='$(RANLIB)'
RANLIB_FOR_TARGET='/home/ubuntu/openwrt-sdk/staging_dir/toolchain-mipsel_24kec+dsp_gcc-4.8-linaro_uClibc-0.9.33.2/mipsel-openwrt-linux-uclibc/bin/ranlib'
RAW_CXX_FOR_TARGET='$$r/$(HOST_SUBDIR)/gcc/xgcc -shared-libgcc -B$$r/$(HOST_SUBDIR)/gcc -nostdinc++ -L$$r/$(TARGET_SUBDIR)/libstdc++-v3/src -L$$r/$(TARGET_SUBDIR)/libstdc++-v3/src/.libs'
READELF='x86_64-linux-gnu-readelf'
READELF_FOR_TARGET='mipsel-openwrt-linux-uclibc-readelf'
RPATH_ENVVAR='LD_LIBRARY_PATH'
RUNTEST='runtest'
SED='/home/ubuntu/openwrt-sdk/staging_dir/host/bin/sed'
SHELL='/bin/bash'
STRIP='x86_64-linux-gnu-strip'
STRIP_FOR_TARGET='/home/ubuntu/openwrt-sdk/staging_dir/toolchain-mipsel_24kec+dsp_gcc-4.8-linaro_uClibc-0.9.33.2/mipsel-openwrt-linux-uclibc/bin/strip'
SYSROOT_CFLAGS_FOR_TARGET=''
TOPLEVEL_CONFIGURE_ARGUMENTS='/home/ubuntu/openwrt-sdk/build_dir/toolchain-mipsel_24kec+dsp_gcc-4.8-linaro_uClibc-0.9.33.2/gcc-linaro-4.8-2014.04/configure --with-bugurl=https://dev.openwrt.org/ --with-pkgversion='\''OpenWrt/Linaro GCC 4.8-2014.04 unknown'\'' --prefix=/home/ubuntu/openwrt-sdk/staging_dir/toolchain-mipsel_24kec+dsp_gcc-4.8-linaro_uClibc-0.9.33.2 --build=x86_64-linux-gnu --host=x86_64-linux-gnu --target=mipsel-openwrt-linux-uclibc --with-gnu-ld --enable-target-optspace --disable-libgomp --disable-libmudflap --disable-multilib --disable-nls --with-host-libstdcxx=-lstdc++ --with-float=soft --with-gmp=/home/ubuntu/openwrt-sdk/staging_dir/host --with-mpfr=/home/ubuntu/openwrt-sdk/staging_dir/host --disable-decimal-float --with-mips-plt --with-mpc=/home/ubuntu/openwrt-sdk/staging_dir/host --disable-libssp --disable-__cxa_atexit --with-headers=/home/ubuntu/openwrt-sdk/staging_dir/toolchain-mipsel_24kec+dsp_gcc-4.8-linaro_uClibc-0.9.33.2/include --enable-languages=c,c++ --enable-shared --enable-threads --with-slibdir=/home/ubuntu/openwrt-sdk/staging_dir/toolchain-mipsel_24kec+dsp_gcc-4.8-linaro_uClibc-0.9.33.2/lib'
WINDMC='windmc'
WINDMC_FOR_BUILD='$(WINDMC)'
WINDMC_FOR_TARGET='mipsel-openwrt-linux-uclibc-windmc'
WINDRES='windres'
WINDRES_FOR_BUILD='$(WINDRES)'
WINDRES_FOR_TARGET='mipsel-openwrt-linux-uclibc-windres'
YACC='bison -y'
ac_ct_CC=''
ac_ct_CXX=''
bindir='${exec_prefix}/bin'
build='x86_64-pc-linux-gnu'
build_alias='x86_64-linux-gnu'
build_configargs=' --cache-file=../config.cache '\''--with-bugurl=https://dev.openwrt.org/'\'' '\''--with-pkgversion=OpenWrt/Linaro GCC 4.8-2014.04 unknown'\'' '\''--prefix=/home/ubuntu/openwrt-sdk/staging_dir/toolchain-mipsel_24kec+dsp_gcc-4.8-linaro_uClibc-0.9.33.2'\'' '\''--with-gnu-ld'\'' '\''--enable-target-optspace'\'' '\''--disable-libgomp'\'' '\''--disable-libmudflap'\'' '\''--disable-multilib'\'' '\''--disable-nls'\'' '\''--with-host-libstdcxx=-lstdc++'\'' '\''--with-float=soft'\'' '\''--with-gmp=/home/ubuntu/openwrt-sdk/staging_dir/host'\'' '\''--with-mpfr=/home/ubuntu/openwrt-sdk/staging_dir/host'\'' '\''--disable-decimal-float'\'' '\''--with-mips-plt'\'' '\''--with-mpc=/home/ubuntu/openwrt-sdk/staging_dir/host'\'' '\''--disable-libssp'\'' '\''--disable-__cxa_atexit'\'' '\''--with-headers=/home/ubuntu/openwrt-sdk/staging_dir/toolchain-mipsel_24kec+dsp_gcc-4.8-linaro_uClibc-0.9.33.2/include'\'' '\''--enable-shared'\'' '\''--enable-threads'\'' '\''--with-slibdir=/home/ubuntu/openwrt-sdk/staging_dir/toolchain-mipsel_24kec+dsp_gcc-4.8-linaro_uClibc-0.9.33.2/lib'\'' '\''--enable-languages=c,c++,lto'\'' --program-transform-name='\''s&^&mipsel-openwrt-linux-uclibc-&'\'' --disable-option-checking'
build_configdirs=' libiberty fixincludes'
build_cpu='x86_64'
build_libsubdir='build-x86_64-linux-gnu'
build_noncanonical='x86_64-linux-gnu'
build_os='linux-gnu'
build_subdir='build-x86_64-linux-gnu'
build_tooldir='${exec_prefix}/mipsel-openwrt-linux-uclibc'
build_vendor='pc'
clooginc=''
clooglibs=''
compare_exclusions='gcc/cc*-checksum$(objext) | gcc/ada/*tools/*'
configdirs=' intl libiberty zlib libbacktrace libcpp libdecnumber fixincludes gcc lto-plugin'
datadir='${datarootdir}'
datarootdir='${prefix}/share'
do_compare='cmp --ignore-initial=16 $$f1 $$f2'
docdir='${datarootdir}/doc/${PACKAGE}'
dvidir='${docdir}'
exec_prefix='${prefix}'
extra_host_libiberty_configure_flags='--enable-shared'
extra_isl_gmp_configure_flags=''
extra_mpc_gmp_configure_flags=''
extra_mpc_mpfr_configure_flags=''
extra_mpfr_configure_flags=''
gmpinc='-I/home/ubuntu/openwrt-sdk/staging_dir/host/include -I/home/ubuntu/openwrt-sdk/staging_dir/host/include -I/home/ubuntu/openwrt-sdk/staging_dir/host/include '
gmplibs='-L/home/ubuntu/openwrt-sdk/staging_dir/host/lib -L/home/ubuntu/openwrt-sdk/staging_dir/host/lib -L/home/ubuntu/openwrt-sdk/staging_dir/host/lib -lmpc -lmpfr -lgmp'
host='x86_64-pc-linux-gnu'
host_alias='x86_64-linux-gnu'
host_configargs=' --cache-file=./config.cache  '\''--with-bugurl=https://dev.openwrt.org/'\'' '\''--with-pkgversion=OpenWrt/Linaro GCC 4.8-2014.04 unknown'\'' '\''--prefix=/home/ubuntu/openwrt-sdk/staging_dir/toolchain-mipsel_24kec+dsp_gcc-4.8-linaro_uClibc-0.9.33.2'\'' '\''--with-gnu-ld'\'' '\''--enable-target-optspace'\'' '\''--disable-libgomp'\'' '\''--disable-libmudflap'\'' '\''--disable-multilib'\'' '\''--disable-nls'\'' '\''--with-host-libstdcxx=-lstdc++'\'' '\''--with-float=soft'\'' '\''--with-gmp=/home/ubuntu/openwrt-sdk/staging_dir/host'\'' '\''--with-mpfr=/home/ubuntu/openwrt-sdk/staging_dir/host'\'' '\''--disable-decimal-float'\'' '\''--with-mips-plt'\'' '\''--with-mpc=/home/ubuntu/openwrt-sdk/staging_dir/host'\'' '\''--disable-libssp'\'' '\''--disable-__cxa_atexit'\'' '\''--with-headers=/home/ubuntu/openwrt-sdk/staging_dir/toolchain-mipsel_24kec+dsp_gcc-4.8-linaro_uClibc-0.9.33.2/include'\'' '\''--enable-shared'\'' '\''--enable-threads'\'' '\''--with-slibdir=/home/ubuntu/openwrt-sdk/staging_dir/toolchain-mipsel_24kec+dsp_gcc-4.8-linaro_uClibc-0.9.33.2/lib'\'' '\''--enable-languages=c,c++,lto'\'' --program-transform-name='\''s&^&mipsel-openwrt-linux-uclibc-&'\'' --disable-option-checking'
host_cpu='x86_64'
host_noncanonical='x86_64-linux-gnu'
host_os='linux-gnu'
host_subdir='.'
host_vendor='pc'
htmldir='${docdir}'
includedir='${prefix}/include'
infodir='${datarootdir}/info'
islinc=''
libdir='${exec_prefix}/lib'
libexecdir='${exec_prefix}/libexec'
localedir='${datarootdir}/locale'
localstatedir='${prefix}/var'
mandir='${datarootdir}/man'
oldincludedir='/usr/include'
pdfdir='${docdir}'
poststage1_ldflags=''
poststage1_libs='-lstdc++'
prefix='/home/ubuntu/openwrt-sdk/staging_dir/toolchain-mipsel_24kec+dsp_gcc-4.8-linaro_uClibc-0.9.33.2'
program_transform_name='s&^&mipsel-openwrt-linux-uclibc-&'
psdir='${docdir}'
sbindir='${exec_prefix}/sbin'
sharedstatedir='${prefix}/com'
stage1_cflags='-g'
stage1_checking='--enable-checking=yes,types'
stage1_languages='c,c++,lto'
stage1_ldflags=''
stage1_libs='-lstdc++'
stage2_werror_flag=''
sysconfdir='${prefix}/etc'
target='mipsel-openwrt-linux-uclibc'
target_alias='mipsel-openwrt-linux-uclibc'
target_configargs='--cache-file=./config.cache --with-cross-host=x86_64-linux-gnu   '\''--with-bugurl=https://dev.openwrt.org/'\'' '\''--with-pkgversion=OpenWrt/Linaro GCC 4.8-2014.04 unknown'\'' '\''--prefix=/home/ubuntu/openwrt-sdk/staging_dir/toolchain-mipsel_24kec+dsp_gcc-4.8-linaro_uClibc-0.9.33.2'\'' '\''--with-gnu-ld'\'' '\''--enable-target-optspace'\'' '\''--disable-libgomp'\'' '\''--disable-libmudflap'\'' '\''--disable-multilib'\'' '\''--disable-nls'\'' '\''--with-host-libstdcxx=-lstdc++'\'' '\''--with-float=soft'\'' '\''--disable-decimal-float'\'' '\''--with-mips-plt'\'' '\''--disable-libssp'\'' '\''--disable-__cxa_atexit'\'' '\''--with-headers=/home/ubuntu/openwrt-sdk/staging_dir/toolchain-mipsel_24kec+dsp_gcc-4.8-linaro_uClibc-0.9.33.2/include'\'' '\''--enable-shared'\'' '\''--enable-threads'\'' '\''--with-slibdir=/home/ubuntu/openwrt-sdk/staging_dir/toolchain-mipsel_24kec+dsp_gcc-4.8-linaro_uClibc-0.9.33.2/lib'\'' '\''--enable-languages=c,c++,lto'\'' --program-transform-name='\''s&^&mipsel-openwrt-linux-uclibc-&'\'' --disable-option-checking'
target_configdirs=' libgcc libatomic libstdc++-v3 libquadmath'
target_cpu='mipsel'
target_noncanonical='mipsel-openwrt-linux-uclibc'
target_os='linux-uclibc'
target_subdir='mipsel-openwrt-linux-uclibc'
target_vendor='openwrt'
tooldir='${exec_prefix}/mipsel-openwrt-linux-uclibc'

## ------------------- ##
## File substitutions. ##
## ------------------- ##

alphaieee_frag='/dev/null'
host_makefile_frag='/dev/null'
ospace_frag='/home/ubuntu/openwrt-sdk/build_dir/toolchain-mipsel_24kec+dsp_gcc-4.8-linaro_uClibc-0.9.33.2/gcc-linaro-4.8-2014.04/config/mt-ospace'
serialization_dependencies='serdep.tmp'
target_makefile_frag='/home/ubuntu/openwrt-sdk/build_dir/toolchain-mipsel_24kec+dsp_gcc-4.8-linaro_uClibc-0.9.33.2/gcc-linaro-4.8-2014.04/config/mt-mips-gnu'

## ----------- ##
## confdefs.h. ##
## ----------- ##

/* confdefs.h */
#define PACKAGE_NAME ""
#define PACKAGE_TARNAME ""
#define PACKAGE_VERSION ""
#define PACKAGE_STRING ""
#define PACKAGE_BUGREPORT ""
#define PACKAGE_URL ""
#define LT_OBJDIR ".libs/"

configure: exit 0
