This file contains any messages produced by compilers while
running configure, to aid debugging if configure makes a mistake.

It was created by configure, which was
generated by GNU Autoconf 2.68.  Invocation command line was

  $ ./configure --disable-option-checking --prefix=/usr --target=mipsel-openwrt-linux --host=mipsel-openwrt-linux --build=x86_64-linux-gnu --program-prefix= --program-suffix= --exec-prefix=/usr --bindir=/usr/bin --sbindir=/usr/sbin --libexecdir=/usr/lib --sysconfdir=/etc --datadir=/usr/share --localstatedir=/var --mandir=/usr/man --infodir=/usr/info --disable-nls --enable-shared --enable-static --enable-staticdlopen --disable-java --disable-alwaystrue --disable-checkapop --enable-cram --enable-digest --without-auth-sasldb --disable-otp --disable-srp --disable-srp-setpass --disable-krb4 --disable-gssapi --disable-gss_mutexes --enable-plain --enable-anon --disable-login --disable-ntlm --disable-sql --disable-ldapdb --without-dblib --without-gdbm --with-devrandom=/dev/urandom --without-pam --without-saslauthd --without-authdaemond --without-pwcheck --with-ipctype=unix --with-openssl=/home/ubuntu/openwrt-sdk/staging_dir/target-mipsel_24kec+dsp_uClibc-0.9.33.2/usr --without-des --without-opie --without-ldap --without-mysql --without-pgsql --without-sqlite --without-rc4 --without-dmalloc --without-sfio --disable-sample build_alias=x86_64-linux-gnu host_alias=mipsel-openwrt-linux target_alias=mipsel-openwrt-linux CC=mipsel-openwrt-linux-uclibc-gcc CFLAGS=-Os -pipe -mno-branch-likely -mips32r2 -mtune=24kec -mdsp -fno-caller-saves -fhonour-copts -Wno-error=unused-but-set-variable -msoft-float -fpic  LDFLAGS=-L/home/ubuntu/openwrt-sdk/staging_dir/target-mipsel_24kec+dsp_uClibc-0.9.33.2/usr/lib -L/home/ubuntu/openwrt-sdk/staging_dir/target-mipsel_24kec+dsp_uClibc-0.9.33.2/lib -L/home/ubuntu/openwrt-sdk/staging_dir/toolchain-mipsel_24kec+dsp_gcc-4.8-linaro_uClibc-0.9.33.2/usr/lib -L/home/ubuntu/openwrt-sdk/staging_dir/toolchain-mipsel_24kec+dsp_gcc-4.8-linaro_uClibc-0.9.33.2/lib  CPPFLAGS=-I/home/ubuntu/openwrt-sdk/staging_dir/target-mipsel_24kec+dsp_uClibc-0.9.33.2/usr/include -I/home/ubuntu/openwrt-sdk/staging_dir/target-mipsel_24kec+dsp_uClibc-0.9.33.2/include -I/home/ubuntu/openwrt-sdk/staging_dir/toolchain-mipsel_24kec+dsp_gcc-4.8-linaro_uClibc-0.9.33.2/usr/include -I/home/ubuntu/openwrt-sdk/staging_dir/toolchain-mipsel_24kec+dsp_gcc-4.8-linaro_uClibc-0.9.33.2/include  --cache-file=.././config.cache --srcdir=.

## --------- ##
## Platform. ##
## --------- ##

hostname = ip-172-31-11-34
uname -m = x86_64
uname -r = 4.4.0-1117-aws
uname -s = Linux
uname -v = #131-Ubuntu SMP Tue Oct 6 20:45:33 UTC 2020

/usr/bin/uname -p = unknown
/bin/uname -X     = unknown

/bin/arch              = unknown
/usr/bin/arch -k       = unknown
/usr/convex/getsysinfo = unknown
/usr/bin/hostinfo      = unknown
/bin/machine           = unknown
/usr/bin/oslevel       = unknown
/bin/universe          = unknown

PATH: /home/ubuntu/openwrt-sdk/staging_dir/target-mipsel_24kec+dsp_uClibc-0.9.33.2/host/bin
PATH: /home/ubuntu/openwrt-sdk/staging_dir/toolchain-mipsel_24kec+dsp_gcc-4.8-linaro_uClibc-0.9.33.2/bin
PATH: /home/ubuntu/openwrt-sdk/staging_dir/host/bin
PATH: /home/ubuntu/openwrt-sdk/staging_dir/toolchain-mipsel_24kec+dsp_gcc-4.8-linaro_uClibc-0.9.33.2/bin
PATH: /home/ubuntu/openwrt-sdk/staging_dir/host/bin
PATH: /home/ubuntu/openwrt-sdk/staging_dir/toolchain-mipsel_24kec+dsp_gcc-4.8-linaro_uClibc-0.9.33.2/bin
PATH: /home/ubuntu/openwrt-sdk/staging_dir/host/bin
PATH: /home/ubuntu/bin
PATH: /home/ubuntu/.local/bin
PATH: /usr/local/sbin
PATH: /usr/local/bin
PATH: /usr/sbin
PATH: /usr/bin
PATH: /sbin
PATH: /bin
PATH: /usr/games
PATH: /usr/local/games
PATH: /snap/bin


## ----------- ##
## Core tests. ##
## ----------- ##

configure:2316: loading site script /home/ubuntu/openwrt-sdk/include/site/mipsel-openwrt-linux-uclibc
| #!/bin/sh
| 
| . $TOPDIR/include/site/mipsel-linux
| . $TOPDIR/include/site/linux-uclibc
| 
configure:2331: loading cache .././config.cache
configure:2447: checking build system type
configure:2461: result: x86_64-pc-linux-gnu
configure:2481: checking host system type
configure:2494: result: mipsel-openwrt-linux-gnu
configure:2559: checking for a BSD-compatible install
configure:2627: result: /usr/bin/install -c
configure:2638: checking whether build environment is sane
configure:2688: result: yes
configure:2737: checking for mipsel-openwrt-linux-strip
configure:2764: result: mipsel-openwrt-linux-uclibc-strip
configure:2829: checking for a thread-safe mkdir -p
configure:2868: result: /bin/mkdir -p
configure:2881: checking for gawk
configure:2908: result: gawk
configure:2919: checking whether make sets $(MAKE)
configure:2941: result: yes
configure:3034: checking for mipsel-openwrt-linux-gcc
configure:3061: result: mipsel-openwrt-linux-uclibc-gcc
configure:3330: checking for C compiler version
configure:3339: mipsel-openwrt-linux-uclibc-gcc --version >&5
mipsel-openwrt-linux-uclibc-gcc (OpenWrt/Linaro GCC 4.8-2014.04 unknown) 4.8.3
Copyright (C) 2013 Free Software Foundation, Inc.
This is free software; see the source for copying conditions.  There is NO
warranty; not even for MERCHANTABILITY or FITNESS FOR A PARTICULAR PURPOSE.

configure:3350: $? = 0
configure:3339: mipsel-openwrt-linux-uclibc-gcc -v >&5
Reading specs from /home/ubuntu/openwrt-sdk/staging_dir/toolchain-mipsel_24kec+dsp_gcc-4.8-linaro_uClibc-0.9.33.2/lib/gcc/mipsel-openwrt-linux-uclibc/4.8.3/specs
COLLECT_GCC=mipsel-openwrt-linux-uclibc-gcc
COLLECT_LTO_WRAPPER=/home/ubuntu/openwrt-sdk/staging_dir/toolchain-mipsel_24kec+dsp_gcc-4.8-linaro_uClibc-0.9.33.2/libexec/gcc/mipsel-openwrt-linux-uclibc/4.8.3/lto-wrapper
Target: mipsel-openwrt-linux-uclibc
Configured with: /home/ubuntu/openwrt-sdk/build_dir/toolchain-mipsel_24kec+dsp_gcc-4.8-linaro_uClibc-0.9.33.2/gcc-linaro-4.8-2014.04/configure --with-bugurl=https://dev.openwrt.org/ --with-pkgversion='OpenWrt/Linaro GCC 4.8-2014.04 unknown' --prefix=/home/ubuntu/openwrt-sdk/staging_dir/toolchain-mipsel_24kec+dsp_gcc-4.8-linaro_uClibc-0.9.33.2 --build=x86_64-linux-gnu --host=x86_64-linux-gnu --target=mipsel-openwrt-linux-uclibc --with-gnu-ld --enable-target-optspace --disable-libgomp --disable-libmudflap --disable-multilib --disable-nls --with-host-libstdcxx=-lstdc++ --with-float=soft --with-gmp=/home/ubuntu/openwrt-sdk/staging_dir/host --with-mpfr=/home/ubuntu/openwrt-sdk/staging_dir/host --disable-decimal-float --with-mips-plt --with-mpc=/home/ubuntu/openwrt-sdk/staging_dir/host --disable-libssp --disable-__cxa_atexit --with-headers=/home/ubuntu/openwrt-sdk/staging_dir/toolchain-mipsel_24kec+dsp_gcc-4.8-linaro_uClibc-0.9.33.2/include --enable-languages=c,c++ --enable-shared --enable-threads --with-slibdir=/home/ubuntu/openwrt-sdk/staging_dir/toolchain-mipsel_24kec+dsp_gcc-4.8-linaro_uClibc-0.9.33.2/lib
Thread model: posix
gcc version 4.8.3 (OpenWrt/Linaro GCC 4.8-2014.04 unknown) 
configure:3350: $? = 0
configure:3339: mipsel-openwrt-linux-uclibc-gcc -V >&5
mipsel-openwrt-linux-uclibc-gcc: error: unrecognized command line option '-V'
mipsel-openwrt-linux-uclibc-gcc: fatal error: no input files
compilation terminated.
configure:3350: $? = 1
configure:3339: mipsel-openwrt-linux-uclibc-gcc -qversion >&5
mipsel-openwrt-linux-uclibc-gcc: error: unrecognized command line option '-qversion'
mipsel-openwrt-linux-uclibc-gcc: fatal error: no input files
compilation terminated.
configure:3350: $? = 1
configure:3370: checking whether the C compiler works
configure:3392: mipsel-openwrt-linux-uclibc-gcc -Os -pipe -mno-branch-likely -mips32r2 -mtune=24kec -mdsp -fno-caller-saves -fhonour-copts -Wno-error=unused-but-set-variable -msoft-float -fpic  -I/home/ubuntu/openwrt-sdk/staging_dir/target-mipsel_24kec+dsp_uClibc-0.9.33.2/usr/include -I/home/ubuntu/openwrt-sdk/staging_dir/target-mipsel_24kec+dsp_uClibc-0.9.33.2/include -I/home/ubuntu/openwrt-sdk/staging_dir/toolchain-mipsel_24kec+dsp_gcc-4.8-linaro_uClibc-0.9.33.2/usr/include -I/home/ubuntu/openwrt-sdk/staging_dir/toolchain-mipsel_24kec+dsp_gcc-4.8-linaro_uClibc-0.9.33.2/include  -L/home/ubuntu/openwrt-sdk/staging_dir/target-mipsel_24kec+dsp_uClibc-0.9.33.2/usr/lib -L/home/ubuntu/openwrt-sdk/staging_dir/target-mipsel_24kec+dsp_uClibc-0.9.33.2/lib -L/home/ubuntu/openwrt-sdk/staging_dir/toolchain-mipsel_24kec+dsp_gcc-4.8-linaro_uClibc-0.9.33.2/usr/lib -L/home/ubuntu/openwrt-sdk/staging_dir/toolchain-mipsel_24kec+dsp_gcc-4.8-linaro_uClibc-0.9.33.2/lib  conftest.c  >&5
configure:3396: $? = 0
configure:3444: result: yes
configure:3447: checking for C compiler default output file name
configure:3449: result: a.out
configure:3455: checking for suffix of executables
configure:3462: mipsel-openwrt-linux-uclibc-gcc -o conftest -Os -pipe -mno-branch-likely -mips32r2 -mtune=24kec -mdsp -fno-caller-saves -fhonour-copts -Wno-error=unused-but-set-variable -msoft-float -fpic  -I/home/ubuntu/openwrt-sdk/staging_dir/target-mipsel_24kec+dsp_uClibc-0.9.33.2/usr/include -I/home/ubuntu/openwrt-sdk/staging_dir/target-mipsel_24kec+dsp_uClibc-0.9.33.2/include -I/home/ubuntu/openwrt-sdk/staging_dir/toolchain-mipsel_24kec+dsp_gcc-4.8-linaro_uClibc-0.9.33.2/usr/include -I/home/ubuntu/openwrt-sdk/staging_dir/toolchain-mipsel_24kec+dsp_gcc-4.8-linaro_uClibc-0.9.33.2/include  -L/home/ubuntu/openwrt-sdk/staging_dir/target-mipsel_24kec+dsp_uClibc-0.9.33.2/usr/lib -L/home/ubuntu/openwrt-sdk/staging_dir/target-mipsel_24kec+dsp_uClibc-0.9.33.2/lib -L/home/ubuntu/openwrt-sdk/staging_dir/toolchain-mipsel_24kec+dsp_gcc-4.8-linaro_uClibc-0.9.33.2/usr/lib -L/home/ubuntu/openwrt-sdk/staging_dir/toolchain-mipsel_24kec+dsp_gcc-4.8-linaro_uClibc-0.9.33.2/lib  conftest.c  >&5
configure:3466: $? = 0
configure:3488: result: 
configure:3510: checking whether we are cross compiling
configure:3548: result: yes
configure:3553: checking for suffix of object files
configure:3600: result: o
configure:3604: checking whether we are using the GNU C compiler
configure:3632: result: yes
configure:3641: checking whether mipsel-openwrt-linux-uclibc-gcc accepts -g
configure:3702: result: yes
configure:3719: checking for mipsel-openwrt-linux-uclibc-gcc option to accept ISO C89
configure:3796: result: none needed
configure:3827: checking for style of include used by make
configure:3855: result: GNU
configure:3881: checking dependency style of mipsel-openwrt-linux-uclibc-gcc
configure:3992: result: gcc3
configure:4012: checking how to run the C preprocessor
configure:4082: result: mipsel-openwrt-linux-uclibc-gcc -E
configure:4102: mipsel-openwrt-linux-uclibc-gcc -E -I/home/ubuntu/openwrt-sdk/staging_dir/target-mipsel_24kec+dsp_uClibc-0.9.33.2/usr/include -I/home/ubuntu/openwrt-sdk/staging_dir/target-mipsel_24kec+dsp_uClibc-0.9.33.2/include -I/home/ubuntu/openwrt-sdk/staging_dir/toolchain-mipsel_24kec+dsp_gcc-4.8-linaro_uClibc-0.9.33.2/usr/include -I/home/ubuntu/openwrt-sdk/staging_dir/toolchain-mipsel_24kec+dsp_gcc-4.8-linaro_uClibc-0.9.33.2/include  conftest.c
configure:4102: $? = 0
configure:4116: mipsel-openwrt-linux-uclibc-gcc -E -I/home/ubuntu/openwrt-sdk/staging_dir/target-mipsel_24kec+dsp_uClibc-0.9.33.2/usr/include -I/home/ubuntu/openwrt-sdk/staging_dir/target-mipsel_24kec+dsp_uClibc-0.9.33.2/include -I/home/ubuntu/openwrt-sdk/staging_dir/toolchain-mipsel_24kec+dsp_gcc-4.8-linaro_uClibc-0.9.33.2/usr/include -I/home/ubuntu/openwrt-sdk/staging_dir/toolchain-mipsel_24kec+dsp_gcc-4.8-linaro_uClibc-0.9.33.2/include  conftest.c
conftest.c:13:28: fatal error: ac_nonexistent.h: No such file or directory
 #include <ac_nonexistent.h>
                            ^
compilation terminated.
configure:4116: $? = 1
configure: failed program was:
| /* confdefs.h */
| #define PACKAGE_NAME ""
| #define PACKAGE_TARNAME ""
| #define PACKAGE_VERSION ""
| #define PACKAGE_STRING ""
| #define PACKAGE_BUGREPORT ""
| #define PACKAGE_URL ""
| #define HAVE_SASLAUTHD /**/
| #define PATH_SASLAUTHD_RUNDIR "no"
| #define PACKAGE "saslauthd"
| #define VERSION "2.1.23"
| /* end confdefs.h.  */
| #include <ac_nonexistent.h>
configure:4148: checking for gawk
configure:4175: result: gawk
configure:4186: checking whether make sets $(MAKE)
configure:4208: result: yes
configure:4217: checking whether ln -s works
configure:4221: result: yes
configure:4232: checking for __attribute__
configure:4272: result: no
configure:4277: checking for runpath switch
configure:4297: mipsel-openwrt-linux-uclibc-gcc -o conftest -Os -pipe -mno-branch-likely -mips32r2 -mtune=24kec -mdsp -fno-caller-saves -fhonour-copts -Wno-error=unused-but-set-variable -msoft-float -fpic  -I/home/ubuntu/openwrt-sdk/staging_dir/target-mipsel_24kec+dsp_uClibc-0.9.33.2/usr/include -I/home/ubuntu/openwrt-sdk/staging_dir/target-mipsel_24kec+dsp_uClibc-0.9.33.2/include -I/home/ubuntu/openwrt-sdk/staging_dir/toolchain-mipsel_24kec+dsp_gcc-4.8-linaro_uClibc-0.9.33.2/usr/include -I/home/ubuntu/openwrt-sdk/staging_dir/toolchain-mipsel_24kec+dsp_gcc-4.8-linaro_uClibc-0.9.33.2/include  -R /usr/lib conftest.c  >&5
configure:4297: $? = 0
configure:4327: result: -R
configure:4333: checking for connect
configure:4333: result: yes
configure:4421: checking for res_search
configure:4421: result: no
configure:4449: mipsel-openwrt-linux-uclibc-gcc -o conftest -Os -pipe -mno-branch-likely -mips32r2 -mtune=24kec -mdsp -fno-caller-saves -fhonour-copts -Wno-error=unused-but-set-variable -msoft-float -fpic  -I/home/ubuntu/openwrt-sdk/staging_dir/target-mipsel_24kec+dsp_uClibc-0.9.33.2/usr/include -I/home/ubuntu/openwrt-sdk/staging_dir/target-mipsel_24kec+dsp_uClibc-0.9.33.2/include -I/home/ubuntu/openwrt-sdk/staging_dir/toolchain-mipsel_24kec+dsp_gcc-4.8-linaro_uClibc-0.9.33.2/usr/include -I/home/ubuntu/openwrt-sdk/staging_dir/toolchain-mipsel_24kec+dsp_gcc-4.8-linaro_uClibc-0.9.33.2/include  -L/home/ubuntu/openwrt-sdk/staging_dir/target-mipsel_24kec+dsp_uClibc-0.9.33.2/usr/lib -L/home/ubuntu/openwrt-sdk/staging_dir/target-mipsel_24kec+dsp_uClibc-0.9.33.2/lib -L/home/ubuntu/openwrt-sdk/staging_dir/toolchain-mipsel_24kec+dsp_gcc-4.8-linaro_uClibc-0.9.33.2/usr/lib -L/home/ubuntu/openwrt-sdk/staging_dir/toolchain-mipsel_24kec+dsp_gcc-4.8-linaro_uClibc-0.9.33.2/lib  conftest.c -lresolv   >&5
configure:4449: $? = 0
configure:4461: checking for dn_expand
configure:4461: result: no
configure:4461: checking for dns_lookup
configure:4461: result: no
configure:4475: checking for grep that handles long lines and -e
configure:4533: result: /home/ubuntu/openwrt-sdk/staging_dir/host/bin/grep
configure:4538: checking for egrep
configure:4600: result: /home/ubuntu/openwrt-sdk/staging_dir/host/bin/grep -E
configure:4605: checking for ANSI C header files
configure:4709: result: yes
configure:4722: checking for sys/types.h
configure:4722: result: yes
configure:4722: checking for sys/stat.h
configure:4722: result: yes
configure:4722: checking for stdlib.h
configure:4722: result: yes
configure:4722: checking for string.h
configure:4722: result: yes
configure:4722: checking for memory.h
configure:4722: result: yes
configure:4722: checking for strings.h
configure:4722: result: yes
configure:4722: checking for inttypes.h
configure:4722: result: yes
configure:4722: checking for stdint.h
configure:4722: result: yes
configure:4722: checking for unistd.h
configure:4722: result: yes
configure:4744: checking size of long
configure:4763: result: 4
configure:4773: checking what directory libraries are found in
configure:4792: result: lib
configure:4828: checking for RSAPublicEncrypt in -lrsaref
configure:4862: result: no
configure:4913: checking for openssl/evp.h
configure:4913: result: yes
configure:4916: checking for EVP_DigestInit in -lcrypto
configure:4950: result: yes
configure:4975: checking for OpenSSL
configure:4977: result: yes
configure:5652: checking KERBEROS_V4
configure:5668: result: disabled
configure:5673: checking for crypt
configure:5673: result: no
configure:5677: checking for crypt in -lcrypt
configure:5711: result: yes
configure:6329: checking GSSAPI
configure:6393: result: disabled
configure:6411: checking for crypt
configure:6411: result: no
configure:6415: checking for crypt in -lcrypt
configure:6449: result: yes
configure:7172: checking for PAM support
configure:7174: result: no
configure:7185: checking for inet_aton in -lresolv
configure:7219: result: yes
configure:7231: checking to include LDAP support
configure:7241: result: no
configure:7309: checking for ANSI C header files
configure:7413: result: yes
configure:7421: checking for sys/wait.h that is POSIX.1 compatible
configure:7454: result: yes
configure:7462: checking whether time.h and sys/time.h may both be included
configure:7489: result: yes
configure:7500: checking crypt.h usability
configure:7500: mipsel-openwrt-linux-uclibc-gcc -c -Os -pipe -mno-branch-likely -mips32r2 -mtune=24kec -mdsp -fno-caller-saves -fhonour-copts -Wno-error=unused-but-set-variable -msoft-float -fpic  -I/home/ubuntu/openwrt-sdk/staging_dir/target-mipsel_24kec+dsp_uClibc-0.9.33.2/usr/include -I/home/ubuntu/openwrt-sdk/staging_dir/target-mipsel_24kec+dsp_uClibc-0.9.33.2/include -I/home/ubuntu/openwrt-sdk/staging_dir/toolchain-mipsel_24kec+dsp_gcc-4.8-linaro_uClibc-0.9.33.2/usr/include -I/home/ubuntu/openwrt-sdk/staging_dir/toolchain-mipsel_24kec+dsp_gcc-4.8-linaro_uClibc-0.9.33.2/include  -I/home/ubuntu/openwrt-sdk/staging_dir/target-mipsel_24kec+dsp_uClibc-0.9.33.2/usr/include conftest.c >&5
configure:7500: $? = 0
configure:7500: result: yes
configure:7500: checking crypt.h presence
configure:7500: mipsel-openwrt-linux-uclibc-gcc -E -I/home/ubuntu/openwrt-sdk/staging_dir/target-mipsel_24kec+dsp_uClibc-0.9.33.2/usr/include -I/home/ubuntu/openwrt-sdk/staging_dir/target-mipsel_24kec+dsp_uClibc-0.9.33.2/include -I/home/ubuntu/openwrt-sdk/staging_dir/toolchain-mipsel_24kec+dsp_gcc-4.8-linaro_uClibc-0.9.33.2/usr/include -I/home/ubuntu/openwrt-sdk/staging_dir/toolchain-mipsel_24kec+dsp_gcc-4.8-linaro_uClibc-0.9.33.2/include  -I/home/ubuntu/openwrt-sdk/staging_dir/target-mipsel_24kec+dsp_uClibc-0.9.33.2/usr/include conftest.c
configure:7500: $? = 0
configure:7500: result: yes
configure:7500: checking for crypt.h
configure:7500: result: yes
configure:7500: checking for fcntl.h
configure:7500: result: yes
configure:7500: checking krb5.h usability
configure:7500: mipsel-openwrt-linux-uclibc-gcc -c -Os -pipe -mno-branch-likely -mips32r2 -mtune=24kec -mdsp -fno-caller-saves -fhonour-copts -Wno-error=unused-but-set-variable -msoft-float -fpic  -I/home/ubuntu/openwrt-sdk/staging_dir/target-mipsel_24kec+dsp_uClibc-0.9.33.2/usr/include -I/home/ubuntu/openwrt-sdk/staging_dir/target-mipsel_24kec+dsp_uClibc-0.9.33.2/include -I/home/ubuntu/openwrt-sdk/staging_dir/toolchain-mipsel_24kec+dsp_gcc-4.8-linaro_uClibc-0.9.33.2/usr/include -I/home/ubuntu/openwrt-sdk/staging_dir/toolchain-mipsel_24kec+dsp_gcc-4.8-linaro_uClibc-0.9.33.2/include  -I/home/ubuntu/openwrt-sdk/staging_dir/target-mipsel_24kec+dsp_uClibc-0.9.33.2/usr/include conftest.c >&5
conftest.c:64:18: fatal error: krb5.h: No such file or directory
 #include <krb5.h>
                  ^
compilation terminated.
configure:7500: $? = 1
configure: failed program was:
| /* confdefs.h */
| #define PACKAGE_NAME ""
| #define PACKAGE_TARNAME ""
| #define PACKAGE_VERSION ""
| #define PACKAGE_STRING ""
| #define PACKAGE_BUGREPORT ""
| #define PACKAGE_URL ""
| #define HAVE_SASLAUTHD /**/
| #define PATH_SASLAUTHD_RUNDIR "no"
| #define PACKAGE "saslauthd"
| #define VERSION "2.1.23"
| #define STDC_HEADERS 1
| #define HAVE_SYS_TYPES_H 1
| #define HAVE_SYS_STAT_H 1
| #define HAVE_STDLIB_H 1
| #define HAVE_STRING_H 1
| #define HAVE_MEMORY_H 1
| #define HAVE_STRINGS_H 1
| #define HAVE_INTTYPES_H 1
| #define HAVE_STDINT_H 1
| #define HAVE_UNISTD_H 1
| #define SIZEOF_LONG 4
| #define HAVE_OPENSSL /**/
| #define HAVE_LIBRESOLV 1
| #define STDC_HEADERS 1
| #define HAVE_SYS_WAIT_H 1
| #define TIME_WITH_SYS_TIME 1
| #define HAVE_CRYPT_H 1
| #define HAVE_FCNTL_H 1
| /* end confdefs.h.  */
| #include <stdio.h>
| #ifdef HAVE_SYS_TYPES_H
| # include <sys/types.h>
| #endif
| #ifdef HAVE_SYS_STAT_H
| # include <sys/stat.h>
| #endif
| #ifdef STDC_HEADERS
| # include <stdlib.h>
| # include <stddef.h>
| #else
| # ifdef HAVE_STDLIB_H
| #  include <stdlib.h>
| # endif
| #endif
| #ifdef HAVE_STRING_H
| # if !defined STDC_HEADERS && defined HAVE_MEMORY_H
| #  include <memory.h>
| # endif
| # include <string.h>
| #endif
| #ifdef HAVE_STRINGS_H
| # include <strings.h>
| #endif
| #ifdef HAVE_INTTYPES_H
| # include <inttypes.h>
| #endif
| #ifdef HAVE_STDINT_H
| # include <stdint.h>
| #endif
| #ifdef HAVE_UNISTD_H
| # include <unistd.h>
| #endif
| #include <krb5.h>
configure:7500: result: no
configure:7500: checking krb5.h presence
configure:7500: mipsel-openwrt-linux-uclibc-gcc -E -I/home/ubuntu/openwrt-sdk/staging_dir/target-mipsel_24kec+dsp_uClibc-0.9.33.2/usr/include -I/home/ubuntu/openwrt-sdk/staging_dir/target-mipsel_24kec+dsp_uClibc-0.9.33.2/include -I/home/ubuntu/openwrt-sdk/staging_dir/toolchain-mipsel_24kec+dsp_gcc-4.8-linaro_uClibc-0.9.33.2/usr/include -I/home/ubuntu/openwrt-sdk/staging_dir/toolchain-mipsel_24kec+dsp_gcc-4.8-linaro_uClibc-0.9.33.2/include  -I/home/ubuntu/openwrt-sdk/staging_dir/target-mipsel_24kec+dsp_uClibc-0.9.33.2/usr/include conftest.c
conftest.c:31:18: fatal error: krb5.h: No such file or directory
 #include <krb5.h>
                  ^
compilation terminated.
configure:7500: $? = 1
configure: failed program was:
| /* confdefs.h */
| #define PACKAGE_NAME ""
| #define PACKAGE_TARNAME ""
| #define PACKAGE_VERSION ""
| #define PACKAGE_STRING ""
| #define PACKAGE_BUGREPORT ""
| #define PACKAGE_URL ""
| #define HAVE_SASLAUTHD /**/
| #define PATH_SASLAUTHD_RUNDIR "no"
| #define PACKAGE "saslauthd"
| #define VERSION "2.1.23"
| #define STDC_HEADERS 1
| #define HAVE_SYS_TYPES_H 1
| #define HAVE_SYS_STAT_H 1
| #define HAVE_STDLIB_H 1
| #define HAVE_STRING_H 1
| #define HAVE_MEMORY_H 1
| #define HAVE_STRINGS_H 1
| #define HAVE_INTTYPES_H 1
| #define HAVE_STDINT_H 1
| #define HAVE_UNISTD_H 1
| #define SIZEOF_LONG 4
| #define HAVE_OPENSSL /**/
| #define HAVE_LIBRESOLV 1
| #define STDC_HEADERS 1
| #define HAVE_SYS_WAIT_H 1
| #define TIME_WITH_SYS_TIME 1
| #define HAVE_CRYPT_H 1
| #define HAVE_FCNTL_H 1
| /* end confdefs.h.  */
| #include <krb5.h>
configure:7500: result: no
configure:7500: checking for krb5.h
configure:7500: result: no
configure:7500: checking for strings.h
configure:7500: result: yes
configure:7500: checking for syslog.h
configure:7500: result: yes
configure:7500: checking for unistd.h
configure:7500: result: yes
configure:7500: checking for sys/time.h
configure:7500: result: yes
configure:7500: checking for sys/uio.h
configure:7500: result: yes
configure:7511: checking for an ANSI C-conforming const
configure:7583: result: yes
configure:7591: checking for pid_t
configure:7591: result: yes
configure:7606: checking whether mipsel-openwrt-linux-uclibc-gcc implements __func__
configure:7622: mipsel-openwrt-linux-uclibc-gcc -o conftest -Os -pipe -mno-branch-likely -mips32r2 -mtune=24kec -mdsp -fno-caller-saves -fhonour-copts -Wno-error=unused-but-set-variable -msoft-float -fpic  -I/home/ubuntu/openwrt-sdk/staging_dir/target-mipsel_24kec+dsp_uClibc-0.9.33.2/usr/include -I/home/ubuntu/openwrt-sdk/staging_dir/target-mipsel_24kec+dsp_uClibc-0.9.33.2/include -I/home/ubuntu/openwrt-sdk/staging_dir/toolchain-mipsel_24kec+dsp_gcc-4.8-linaro_uClibc-0.9.33.2/usr/include -I/home/ubuntu/openwrt-sdk/staging_dir/toolchain-mipsel_24kec+dsp_gcc-4.8-linaro_uClibc-0.9.33.2/include  -I/home/ubuntu/openwrt-sdk/staging_dir/target-mipsel_24kec+dsp_uClibc-0.9.33.2/usr/include -L/home/ubuntu/openwrt-sdk/staging_dir/target-mipsel_24kec+dsp_uClibc-0.9.33.2/usr/lib -R/home/ubuntu/openwrt-sdk/staging_dir/target-mipsel_24kec+dsp_uClibc-0.9.33.2/usr/lib -L/home/ubuntu/openwrt-sdk/staging_dir/target-mipsel_24kec+dsp_uClibc-0.9.33.2/usr/lib -L/home/ubuntu/openwrt-sdk/staging_dir/target-mipsel_24kec+dsp_uClibc-0.9.33.2/lib -L/home/ubuntu/openwrt-sdk/staging_dir/toolchain-mipsel_24kec+dsp_gcc-4.8-linaro_uClibc-0.9.33.2/usr/lib -L/home/ubuntu/openwrt-sdk/staging_dir/toolchain-mipsel_24kec+dsp_gcc-4.8-linaro_uClibc-0.9.33.2/lib  conftest.c -lresolv  >&5
configure:7622: $? = 0
configure:7631: result: yes
configure:7705: checking return type of signal handlers
configure:7730: result: void
configure:7741: checking for gethostname
configure:7741: result: yes
configure:7741: checking for mkdir
configure:7741: result: yes
configure:7741: checking for socket
configure:7741: result: yes
configure:7741: checking for strdup
configure:7741: result: yes
configure:7753: checking for getspnam
configure:7753: result: yes
configure:7765: checking for strlcat
configure:7765: mipsel-openwrt-linux-uclibc-gcc -o conftest -Os -pipe -mno-branch-likely -mips32r2 -mtune=24kec -mdsp -fno-caller-saves -fhonour-copts -Wno-error=unused-but-set-variable -msoft-float -fpic  -I/home/ubuntu/openwrt-sdk/staging_dir/target-mipsel_24kec+dsp_uClibc-0.9.33.2/usr/include -I/home/ubuntu/openwrt-sdk/staging_dir/target-mipsel_24kec+dsp_uClibc-0.9.33.2/include -I/home/ubuntu/openwrt-sdk/staging_dir/toolchain-mipsel_24kec+dsp_gcc-4.8-linaro_uClibc-0.9.33.2/usr/include -I/home/ubuntu/openwrt-sdk/staging_dir/toolchain-mipsel_24kec+dsp_gcc-4.8-linaro_uClibc-0.9.33.2/include  -I/home/ubuntu/openwrt-sdk/staging_dir/target-mipsel_24kec+dsp_uClibc-0.9.33.2/usr/include -L/home/ubuntu/openwrt-sdk/staging_dir/target-mipsel_24kec+dsp_uClibc-0.9.33.2/usr/lib -R/home/ubuntu/openwrt-sdk/staging_dir/target-mipsel_24kec+dsp_uClibc-0.9.33.2/usr/lib -L/home/ubuntu/openwrt-sdk/staging_dir/target-mipsel_24kec+dsp_uClibc-0.9.33.2/usr/lib -L/home/ubuntu/openwrt-sdk/staging_dir/target-mipsel_24kec+dsp_uClibc-0.9.33.2/lib -L/home/ubuntu/openwrt-sdk/staging_dir/toolchain-mipsel_24kec+dsp_gcc-4.8-linaro_uClibc-0.9.33.2/usr/lib -L/home/ubuntu/openwrt-sdk/staging_dir/toolchain-mipsel_24kec+dsp_gcc-4.8-linaro_uClibc-0.9.33.2/lib  conftest.c -lresolv  >&5
configure:7765: $? = 0
configure:7765: result: yes
configure:7765: checking for strlcpy
configure:7765: mipsel-openwrt-linux-uclibc-gcc -o conftest -Os -pipe -mno-branch-likely -mips32r2 -mtune=24kec -mdsp -fno-caller-saves -fhonour-copts -Wno-error=unused-but-set-variable -msoft-float -fpic  -I/home/ubuntu/openwrt-sdk/staging_dir/target-mipsel_24kec+dsp_uClibc-0.9.33.2/usr/include -I/home/ubuntu/openwrt-sdk/staging_dir/target-mipsel_24kec+dsp_uClibc-0.9.33.2/include -I/home/ubuntu/openwrt-sdk/staging_dir/toolchain-mipsel_24kec+dsp_gcc-4.8-linaro_uClibc-0.9.33.2/usr/include -I/home/ubuntu/openwrt-sdk/staging_dir/toolchain-mipsel_24kec+dsp_gcc-4.8-linaro_uClibc-0.9.33.2/include  -I/home/ubuntu/openwrt-sdk/staging_dir/target-mipsel_24kec+dsp_uClibc-0.9.33.2/usr/include -L/home/ubuntu/openwrt-sdk/staging_dir/target-mipsel_24kec+dsp_uClibc-0.9.33.2/usr/lib -R/home/ubuntu/openwrt-sdk/staging_dir/target-mipsel_24kec+dsp_uClibc-0.9.33.2/usr/lib -L/home/ubuntu/openwrt-sdk/staging_dir/target-mipsel_24kec+dsp_uClibc-0.9.33.2/usr/lib -L/home/ubuntu/openwrt-sdk/staging_dir/target-mipsel_24kec+dsp_uClibc-0.9.33.2/lib -L/home/ubuntu/openwrt-sdk/staging_dir/toolchain-mipsel_24kec+dsp_gcc-4.8-linaro_uClibc-0.9.33.2/usr/lib -L/home/ubuntu/openwrt-sdk/staging_dir/toolchain-mipsel_24kec+dsp_gcc-4.8-linaro_uClibc-0.9.33.2/lib  conftest.c -lresolv  >&5
configure:7765: $? = 0
configure:7765: result: yes
configure:7776: checking if getpwnam_r/getspnam_r take 5 arguments
configure:7798: mipsel-openwrt-linux-uclibc-gcc -c -Os -pipe -mno-branch-likely -mips32r2 -mtune=24kec -mdsp -fno-caller-saves -fhonour-copts -Wno-error=unused-but-set-variable -msoft-float -fpic  -I/home/ubuntu/openwrt-sdk/staging_dir/target-mipsel_24kec+dsp_uClibc-0.9.33.2/usr/include -I/home/ubuntu/openwrt-sdk/staging_dir/target-mipsel_24kec+dsp_uClibc-0.9.33.2/include -I/home/ubuntu/openwrt-sdk/staging_dir/toolchain-mipsel_24kec+dsp_gcc-4.8-linaro_uClibc-0.9.33.2/usr/include -I/home/ubuntu/openwrt-sdk/staging_dir/toolchain-mipsel_24kec+dsp_gcc-4.8-linaro_uClibc-0.9.33.2/include  -I/home/ubuntu/openwrt-sdk/staging_dir/target-mipsel_24kec+dsp_uClibc-0.9.33.2/usr/include conftest.c >&5
configure:7798: $? = 0
configure:7799: result: yes
configure:7815: checking for getaddrinfo
configure:7815: result: yes
configure:7986: checking for getnameinfo
configure:7986: result: yes
configure:8155: checking whether you have ss_family in struct sockaddr_storage
configure:8186: result: yes
configure:8189: checking whether you have sa_len in struct sockaddr
configure:8220: result: no
configure:8223: checking for socklen_t
configure:8255: result: yes
configure:8346: updating cache .././config.cache
configure:8415: creating ./config.status

## ---------------------- ##
## Running config.status. ##
## ---------------------- ##

This file was extended by config.status, which was
generated by GNU Autoconf 2.68.  Invocation command line was

  CONFIG_FILES    = 
  CONFIG_HEADERS  = 
  CONFIG_LINKS    = 
  CONFIG_COMMANDS = 
  $ ./config.status 

on ip-172-31-11-34

config.status:925: creating Makefile
config.status:925: creating saslauthd.h
config.status:1154: executing depfiles commands

## ---------------- ##
## Cache variables. ##
## ---------------- ##

ac_cv___attribute__=no
ac_cv_build=x86_64-pc-linux-gnu
ac_cv_c_bigendian=no
ac_cv_c_compiler_gnu=yes
ac_cv_c_const=yes
ac_cv_c_gettext_without_libintl=yes
ac_cv_c_inline=inline
ac_cv_c_littleendian=yes
ac_cv_c_long_double=no
ac_cv_cmu_lib_subdir=lib
ac_cv_conv_longlong_to_float=yes
ac_cv_env_CC_set=set
ac_cv_env_CC_value=mipsel-openwrt-linux-uclibc-gcc
ac_cv_env_CFLAGS_set=set
ac_cv_env_CFLAGS_value='-Os -pipe -mno-branch-likely -mips32r2 -mtune=24kec -mdsp -fno-caller-saves -fhonour-copts -Wno-error=unused-but-set-variable -msoft-float -fpic '
ac_cv_env_CPPFLAGS_set=set
ac_cv_env_CPPFLAGS_value='-I/home/ubuntu/openwrt-sdk/staging_dir/target-mipsel_24kec+dsp_uClibc-0.9.33.2/usr/include -I/home/ubuntu/openwrt-sdk/staging_dir/target-mipsel_24kec+dsp_uClibc-0.9.33.2/include -I/home/ubuntu/openwrt-sdk/staging_dir/toolchain-mipsel_24kec+dsp_gcc-4.8-linaro_uClibc-0.9.33.2/usr/include -I/home/ubuntu/openwrt-sdk/staging_dir/toolchain-mipsel_24kec+dsp_gcc-4.8-linaro_uClibc-0.9.33.2/include '
ac_cv_env_CPP_set=
ac_cv_env_CPP_value=
ac_cv_env_LDFLAGS_set=set
ac_cv_env_LDFLAGS_value='-L/home/ubuntu/openwrt-sdk/staging_dir/target-mipsel_24kec+dsp_uClibc-0.9.33.2/usr/lib -L/home/ubuntu/openwrt-sdk/staging_dir/target-mipsel_24kec+dsp_uClibc-0.9.33.2/lib -L/home/ubuntu/openwrt-sdk/staging_dir/toolchain-mipsel_24kec+dsp_gcc-4.8-linaro_uClibc-0.9.33.2/usr/lib -L/home/ubuntu/openwrt-sdk/staging_dir/toolchain-mipsel_24kec+dsp_gcc-4.8-linaro_uClibc-0.9.33.2/lib '
ac_cv_env_LIBS_set=
ac_cv_env_LIBS_value=
ac_cv_env_build_alias_set=set
ac_cv_env_build_alias_value=x86_64-linux-gnu
ac_cv_env_host_alias_set=set
ac_cv_env_host_alias_value=mipsel-openwrt-linux
ac_cv_env_target_alias_set=set
ac_cv_env_target_alias_value=mipsel-openwrt-linux
ac_cv_file__dev_zero=yes
ac_cv_func___adjtimex=yes
ac_cv_func___va_copy=no
ac_cv_func__exit=yes
ac_cv_func_bcmp=yes
ac_cv_func_bcopy=yes
ac_cv_func_bzero=yes
ac_cv_func_cimag=yes
ac_cv_func_connect=yes
ac_cv_func_creal=yes
ac_cv_func_crypt=no
ac_cv_func_dn_expand=no
ac_cv_func_dns_lookup=no
ac_cv_func_fchmod=yes
ac_cv_func_gai_strerror=yes
ac_cv_func_getaddrinfo=yes
ac_cv_func_getcwd=yes
ac_cv_func_getdomainname=yes
ac_cv_func_gethostname=yes
ac_cv_func_getnameinfo=yes
ac_cv_func_getpgrp_void=yes
ac_cv_func_getpwnam=yes
ac_cv_func_getpwuid_r=yes
ac_cv_func_getspnam=yes
ac_cv_func_getsubopt=yes
ac_cv_func_gettimeofday=yes
ac_cv_func_index=yes
ac_cv_func_inet_aton=yes
ac_cv_func_jrand48=yes
ac_cv_func_lstat=yes
ac_cv_func_lstat_dereferences_slashed_symlink=yes
ac_cv_func_lstat_empty_string_bug=no
ac_cv_func_malloc_0_nonnull=yes
ac_cv_func_malloc_works=yes
ac_cv_func_memcmp_clean=yes
ac_cv_func_memcmp_working=yes
ac_cv_func_memcpy=yes
ac_cv_func_mkdir=yes
ac_cv_func_posix_getgrgid_r=yes
ac_cv_func_posix_getpwuid_r=yes
ac_cv_func_psignal=yes
ac_cv_func_pthread_key_delete=yes
ac_cv_func_realloc_0_nonnull=yes
ac_cv_func_realloc_works=yes
ac_cv_func_rename=yes
ac_cv_func_res_search=no
ac_cv_func_rindex=yes
ac_cv_func_select=yes
ac_cv_func_setgrent_void=yes
ac_cv_func_setlocale=yes
ac_cv_func_setpgrp_void=yes
ac_cv_func_setresuid=no
ac_cv_func_setvbuf_reversed=no
ac_cv_func_snprintf=yes
ac_cv_func_socket=yes
ac_cv_func_stat_empty_string_bug=no
ac_cv_func_stat_ignores_trailing_slash=no
ac_cv_func_strchr=yes
ac_cv_func_strdup=yes
ac_cv_func_strerror=yes
ac_cv_func_strftime=yes
ac_cv_func_strlcat=yes
ac_cv_func_strlcpy=yes
ac_cv_func_strspn=yes
ac_cv_func_strstr=yes
ac_cv_func_strtol=yes
ac_cv_func_syslog=yes
ac_cv_func_utimes=yes
ac_cv_func_va_copy=no
ac_cv_func_vsnprintf=yes
ac_cv_have_accrights_in_msghdr=no
ac_cv_have_broken_snprintf=no
ac_cv_have_control_in_msghdr=yes
ac_cv_have_decl_sys_siglist=no
ac_cv_have_openpty_ctty_bug=yes
ac_cv_have_space_d_name_in_struct_dirent=yes
ac_cv_header_crypt_h=yes
ac_cv_header_des_h=no
ac_cv_header_dirent_dirent_h=yes
ac_cv_header_dlfcn_h=yes
ac_cv_header_fcntl_h=yes
ac_cv_header_inttypes_h=yes
ac_cv_header_krb5_h=no
ac_cv_header_limits_h=yes
ac_cv_header_malloc_h=yes
ac_cv_header_memory_h=yes
ac_cv_header_netinet_sctp_h=no
ac_cv_header_netinet_sctp_uio_h=no
ac_cv_header_openssl_evp_h=yes
ac_cv_header_paths_h=yes
ac_cv_header_stdarg_h=yes
ac_cv_header_stdc=yes
ac_cv_header_stdint_h=yes
ac_cv_header_stdlib_h=yes
ac_cv_header_string_h=yes
ac_cv_header_strings_h=yes
ac_cv_header_sys_file_h=yes
ac_cv_header_sys_param_h=yes
ac_cv_header_sys_stat_h=yes
ac_cv_header_sys_time_h=yes
ac_cv_header_sys_types_h=yes
ac_cv_header_sys_uio_h=yes
ac_cv_header_sys_wait_h=yes
ac_cv_header_sysexits_h=yes
ac_cv_header_syslog_h=yes
ac_cv_header_time=yes
ac_cv_header_unistd_h=yes
ac_cv_header_varargs_h=no
ac_cv_host=mipsel-openwrt-linux-gnu
ac_cv_int64_t=yes
ac_cv_lbl_unaligned_fail=no
ac_cv_lib_crypt_crypt=yes
ac_cv_lib_crypto_EVP_DigestInit=yes
ac_cv_lib_dl_dlopen=yes
ac_cv_lib_inet6_gai_strerror=no
ac_cv_lib_inet6_getaddrinfo=no
ac_cv_lib_inet6_getnameinfo=no
ac_cv_lib_resolv_inet_aton=yes
ac_cv_lib_rsaref_RSAPublicEncrypt=no
ac_cv_lib_socket_gai_strerror=no
ac_cv_lib_socket_getaddrinfo=no
ac_cv_lib_socket_getnameinfo=no
ac_cv_linux_kernel_pppoe=yes
ac_cv_linux_vers=2
ac_cv_objext=o
ac_cv_pack_bitfields_reversed=yes
ac_cv_path_EGREP='/home/ubuntu/openwrt-sdk/staging_dir/host/bin/grep -E'
ac_cv_path_FGREP='/home/ubuntu/openwrt-sdk/staging_dir/host/bin/grep -F'
ac_cv_path_GREP=/home/ubuntu/openwrt-sdk/staging_dir/host/bin/grep
ac_cv_path_LDCONFIG=
ac_cv_path_SED=/home/ubuntu/openwrt-sdk/staging_dir/host/bin/sed
ac_cv_path_install='/usr/bin/install -c'
ac_cv_path_mkdir=/bin/mkdir
ac_cv_prog_AR=mipsel-openwrt-linux-uclibc-ar
ac_cv_prog_AWK=gawk
ac_cv_prog_CC=mipsel-openwrt-linux-uclibc-gcc
ac_cv_prog_CPP='mipsel-openwrt-linux-uclibc-gcc -E'
ac_cv_prog_NM=mipsel-openwrt-linux-uclibc-nm
ac_cv_prog_OBJDUMP=mipsel-openwrt-linux-uclibc-objdump
ac_cv_prog_RANLIB=mipsel-openwrt-linux-uclibc-ranlib
ac_cv_prog_STRIP=mipsel-openwrt-linux-uclibc-strip
ac_cv_prog_ac_ct_MANIFEST_TOOL=mt
ac_cv_prog_cc_c89=
ac_cv_prog_cc_g=yes
ac_cv_prog_make_make_set=yes
ac_cv_regexec_segfault_emptystr=no
ac_cv_sctp=no
ac_cv_search_opendir='none required'
ac_cv_sizeof___int64=0
ac_cv_sizeof_char=1
ac_cv_sizeof_int16_t=2
ac_cv_sizeof_int32_t=4
ac_cv_sizeof_int64_t=8
ac_cv_sizeof_int=4
ac_cv_sizeof_long=4
ac_cv_sizeof_long_int=4
ac_cv_sizeof_long_long=8
ac_cv_sizeof_off_t=8
ac_cv_sizeof_short=2
ac_cv_sizeof_short_int=2
ac_cv_sizeof_size_t=4
ac_cv_sizeof_ssize_t=4
ac_cv_sizeof_u_int16_t=2
ac_cv_sizeof_u_int32_t=4
ac_cv_sizeof_u_int64_t=8
ac_cv_sizeof_uint16_t=2
ac_cv_sizeof_uint32_t=4
ac_cv_sizeof_uint64_t=8
ac_cv_sizeof_unsigned_int=4
ac_cv_sizeof_unsigned_long=4
ac_cv_sizeof_unsigned_long_long=8
ac_cv_sizeof_unsigned_short=2
ac_cv_sizeof_void_p=4
ac_cv_sys_restartable_syscalls=yes
ac_cv_target=mipsel-openwrt-linux-gnu
ac_cv_time_r_type=POSIX
ac_cv_type_mode_t=yes
ac_cv_type_pid_t=yes
ac_cv_type_signal=void
ac_cv_type_suseconds_t=yes
ac_cv_uchar=no
ac_cv_uint64_t=yes
ac_cv_uint=yes
ac_cv_ulong=yes
ac_cv_ushort=yes
ac_cv_va_copy=C99
ac_cv_va_val_copy=yes
am_cv_CC_dependencies_compiler_type=gcc3
as_cv_unaligned_access=yes
ipv6_cv_gai_strerror=yes
ipv6_cv_getaddrinfo=yes
ipv6_cv_getnameinfo=yes
ipv6_cv_sa_len=no
ipv6_cv_socklen_t=yes
ipv6_cv_ss_family=yes
lt_cv_ar_at_file=@
lt_cv_archive_cmds_need_lc=no
lt_cv_deplibs_check_method=pass_all
lt_cv_file_magic_cmd='$MAGIC_CMD'
lt_cv_file_magic_test_file=
lt_cv_ld_reload_flag=-r
lt_cv_nm_interface='BSD nm'
lt_cv_objdir=.libs
lt_cv_path_LD=mipsel-openwrt-linux-uclibc-ld
lt_cv_path_NM=mipsel-openwrt-linux-uclibc-nm
lt_cv_path_mainfest_tool=no
lt_cv_prog_compiler_c_o=yes
lt_cv_prog_compiler_pic='-fPIC -DPIC'
lt_cv_prog_compiler_pic_works=yes
lt_cv_prog_compiler_rtti_exceptions=no
lt_cv_prog_compiler_static_works=yes
lt_cv_prog_gnu_ld=yes
lt_cv_sharedlib_from_linklib_cmd='printf %s\n'
lt_cv_shlibpath_overrides_runpath=no
lt_cv_sys_global_symbol_pipe='sed -n -e '\''s/^.*[	 ]\([ABCDGIRSTW][ABCDGIRSTW]*\)[	 ][	 ]*\([_A-Za-z][_A-Za-z0-9]*\)$/\1 \2 \2/p'\'' | sed '\''/ __gnu_lto/d'\'''
lt_cv_sys_global_symbol_to_c_name_address='sed -n -e '\''s/^: \([^ ]*\)[ ]*$/  {\"\1\", (void *) 0},/p'\'' -e '\''s/^[ABCDGIRSTW]* \([^ ]*\) \([^ ]*\)$/  {"\2", (void *) \&\2},/p'\'''
lt_cv_sys_global_symbol_to_c_name_address_lib_prefix='sed -n -e '\''s/^: \([^ ]*\)[ ]*$/  {\"\1\", (void *) 0},/p'\'' -e '\''s/^[ABCDGIRSTW]* \([^ ]*\) \(lib[^ ]*\)$/  {"\2", (void *) \&\2},/p'\'' -e '\''s/^[ABCDGIRSTW]* \([^ ]*\) \([^ ]*\)$/  {"lib\2", (void *) \&\2},/p'\'''
lt_cv_sys_global_symbol_to_cdecl='sed -n -e '\''s/^T .* \(.*\)$/extern int \1();/p'\'' -e '\''s/^[ABCDGIRSTW]* .* \(.*\)$/extern char \1;/p'\'''
lt_cv_sys_max_cmd_len=1572864
lt_cv_to_host_file_cmd=func_convert_file_noop
lt_cv_to_tool_file_cmd=func_convert_file_noop
sasl_cv_getaddrinfo=no
sasl_cv_getnameinfo=no
sasl_cv_getsubopt=no
sasl_cv_snprintf=no
sasl_cv_uscore=no

## ----------------- ##
## Output variables. ##
## ----------------- ##

ACLOCAL='${SHELL} /home/ubuntu/openwrt-sdk/build_dir/target-mipsel_24kec+dsp_uClibc-0.9.33.2/cyrus-sasl-2.1.23/saslauthd/config/missing --run aclocal-1.11 -I $(top_srcdir)/cmulocal'
AMDEPBACKSLASH='\'
AMDEP_FALSE='#'
AMDEP_TRUE=''
AMTAR='$${TAR-tar}'
AUTOCONF='${SHELL} /home/ubuntu/openwrt-sdk/build_dir/target-mipsel_24kec+dsp_uClibc-0.9.33.2/cyrus-sasl-2.1.23/saslauthd/config/missing --run autoconf'
AUTOHEADER='${SHELL} /home/ubuntu/openwrt-sdk/build_dir/target-mipsel_24kec+dsp_uClibc-0.9.33.2/cyrus-sasl-2.1.23/saslauthd/config/missing --run autoheader'
AUTOMAKE='${SHELL} /home/ubuntu/openwrt-sdk/build_dir/target-mipsel_24kec+dsp_uClibc-0.9.33.2/cyrus-sasl-2.1.23/saslauthd/config/missing --run automake-1.11'
AWK='gawk'
CC='mipsel-openwrt-linux-uclibc-gcc'
CCDEPMODE='depmode=gcc3'
CFLAGS='-Os -pipe -mno-branch-likely -mips32r2 -mtune=24kec -mdsp -fno-caller-saves -fhonour-copts -Wno-error=unused-but-set-variable -msoft-float -fpic '
CMU_LIB_SUBDIR='lib'
CPP='mipsel-openwrt-linux-uclibc-gcc -E'
CPPFLAGS='-I/home/ubuntu/openwrt-sdk/staging_dir/target-mipsel_24kec+dsp_uClibc-0.9.33.2/usr/include -I/home/ubuntu/openwrt-sdk/staging_dir/target-mipsel_24kec+dsp_uClibc-0.9.33.2/include -I/home/ubuntu/openwrt-sdk/staging_dir/toolchain-mipsel_24kec+dsp_gcc-4.8-linaro_uClibc-0.9.33.2/usr/include -I/home/ubuntu/openwrt-sdk/staging_dir/toolchain-mipsel_24kec+dsp_gcc-4.8-linaro_uClibc-0.9.33.2/include  -I/home/ubuntu/openwrt-sdk/staging_dir/target-mipsel_24kec+dsp_uClibc-0.9.33.2/usr/include'
CYGPATH_W='echo'
DEFS='-DHAVE_CONFIG_H'
DEPDIR='.deps'
ECHO_C=''
ECHO_N='-n'
ECHO_T=''
EGREP='/home/ubuntu/openwrt-sdk/staging_dir/host/bin/grep -E'
EXEEXT=''
GREP='/home/ubuntu/openwrt-sdk/staging_dir/host/bin/grep'
GSSAPIBASE_LIBS=''
GSSAPI_LIBS=''
INSTALL_DATA='${INSTALL} -m 644'
INSTALL_PROGRAM='${INSTALL}'
INSTALL_SCRIPT='${INSTALL}'
INSTALL_STRIP_PROGRAM='$(install_sh) -c -s'
LDAP_LIBS=''
LDFLAGS='-L/home/ubuntu/openwrt-sdk/staging_dir/target-mipsel_24kec+dsp_uClibc-0.9.33.2/usr/lib -R/home/ubuntu/openwrt-sdk/staging_dir/target-mipsel_24kec+dsp_uClibc-0.9.33.2/usr/lib -L/home/ubuntu/openwrt-sdk/staging_dir/target-mipsel_24kec+dsp_uClibc-0.9.33.2/usr/lib -L/home/ubuntu/openwrt-sdk/staging_dir/target-mipsel_24kec+dsp_uClibc-0.9.33.2/lib -L/home/ubuntu/openwrt-sdk/staging_dir/toolchain-mipsel_24kec+dsp_gcc-4.8-linaro_uClibc-0.9.33.2/usr/lib -L/home/ubuntu/openwrt-sdk/staging_dir/toolchain-mipsel_24kec+dsp_gcc-4.8-linaro_uClibc-0.9.33.2/lib '
LIBOBJS=''
LIBS='-lresolv '
LIB_CRYPT='-lcrypt'
LIB_DES=''
LIB_PAM=''
LIB_SIA=''
LIB_SOCKET='-lresolv '
LN_S='ln -s'
LTLIBOBJS=''
MAIN_COMPAT_OBJ='saslauthd-unix.o'
MAKEINFO='${SHELL} /home/ubuntu/openwrt-sdk/build_dir/target-mipsel_24kec+dsp_uClibc-0.9.33.2/cyrus-sasl-2.1.23/saslauthd/config/missing --run makeinfo'
MKDIR_P='/bin/mkdir -p'
OBJEXT='o'
PACKAGE='saslauthd'
PACKAGE_BUGREPORT=''
PACKAGE_NAME=''
PACKAGE_STRING=''
PACKAGE_TARNAME=''
PACKAGE_URL=''
PACKAGE_VERSION=''
PATH_SEPARATOR=':'
SASLAUTHD_FALSE=''
SASLAUTHD_TRUE='#'
SASL_DB_BACKEND=''
SASL_DB_BACKEND_STATIC=''
SASL_DB_INC=''
SASL_DB_LIB=''
SASL_DB_MANS=''
SASL_DB_UTILS=''
SASL_KRB_LIB=''
SET_MAKE=''
SHELL='/bin/bash'
STRIP='mipsel-openwrt-linux-uclibc-strip'
VERSION='2.1.23'
ac_ct_CC=''
am__EXEEXT_FALSE=''
am__EXEEXT_TRUE='#'
am__fastdepCC_FALSE='#'
am__fastdepCC_TRUE=''
am__include='include'
am__isrc=''
am__leading_dot='.'
am__nodep='_no'
am__quote=''
am__tar='$${TAR-tar} chof - "$$tardir"'
am__untar='$${TAR-tar} xf -'
bindir='/usr/bin'
build='x86_64-pc-linux-gnu'
build_alias='x86_64-linux-gnu'
build_cpu='x86_64'
build_os='linux-gnu'
build_vendor='pc'
datadir='/usr/share'
datarootdir='${prefix}/share'
docdir='${datarootdir}/doc/${PACKAGE}'
dvidir='${docdir}'
exec_prefix='/usr'
host='mipsel-openwrt-linux-gnu'
host_alias='mipsel-openwrt-linux'
host_cpu='mipsel'
host_os='linux-gnu'
host_vendor='openwrt'
htmldir='${docdir}'
includedir='${prefix}/include'
infodir='/usr/info'
install_sh='${SHELL} /home/ubuntu/openwrt-sdk/build_dir/target-mipsel_24kec+dsp_uClibc-0.9.33.2/cyrus-sasl-2.1.23/saslauthd/config/install-sh'
libdir='${exec_prefix}/lib'
libexecdir='/usr/lib'
localedir='${datarootdir}/locale'
localstatedir='/var'
mandir='/usr/man'
mkdir_p='/bin/mkdir -p'
oldincludedir='/usr/include'
pdfdir='${docdir}'
prefix='/usr'
program_transform_name='s&$$&&;s&^&&'
psdir='${docdir}'
sbindir='/usr/sbin'
sharedstatedir='${prefix}/com'
sysconfdir='/etc'
target_alias='mipsel-openwrt-linux'

## ----------- ##
## confdefs.h. ##
## ----------- ##

/* confdefs.h */
#define PACKAGE_NAME ""
#define PACKAGE_TARNAME ""
#define PACKAGE_VERSION ""
#define PACKAGE_STRING ""
#define PACKAGE_BUGREPORT ""
#define PACKAGE_URL ""
#define HAVE_SASLAUTHD /**/
#define PATH_SASLAUTHD_RUNDIR "no"
#define PACKAGE "saslauthd"
#define VERSION "2.1.23"
#define STDC_HEADERS 1
#define HAVE_SYS_TYPES_H 1
#define HAVE_SYS_STAT_H 1
#define HAVE_STDLIB_H 1
#define HAVE_STRING_H 1
#define HAVE_MEMORY_H 1
#define HAVE_STRINGS_H 1
#define HAVE_INTTYPES_H 1
#define HAVE_STDINT_H 1
#define HAVE_UNISTD_H 1
#define SIZEOF_LONG 4
#define HAVE_OPENSSL /**/
#define HAVE_LIBRESOLV 1
#define STDC_HEADERS 1
#define HAVE_SYS_WAIT_H 1
#define TIME_WITH_SYS_TIME 1
#define HAVE_CRYPT_H 1
#define HAVE_FCNTL_H 1
#define HAVE_STRINGS_H 1
#define HAVE_SYSLOG_H 1
#define HAVE_UNISTD_H 1
#define HAVE_SYS_TIME_H 1
#define HAVE_SYS_UIO_H 1
#define HAVE_FUNC /**/
#define RETSIGTYPE void
#define HAVE_GETHOSTNAME 1
#define HAVE_MKDIR 1
#define HAVE_SOCKET 1
#define HAVE_STRDUP 1
#define HAVE_GETSPNAM 1
#define HAVE_STRLCAT 1
#define HAVE_STRLCPY 1
#define GETXXNAM_R_5ARG 1
#define HAVE_GETADDRINFO /**/
#define HAVE_GETNAMEINFO /**/
#define HAVE_SS_FAMILY /**/
#define HAVE_SOCKLEN_T /**/
#define HAVE_STRUCT_SOCKADDR_STORAGE /**/

configure: exit 0
